[16:59:29.023] Global cache location '/Users/patrickpircher/Library/Caches/typescript/5.9', safe file path '/users/patrickpircher/ideaprojects/ink/ember/node_modules/.pnpm/typescript@5.9.3/node_modules/typescript/lib/typingsafelist.json', types map path /users/patrickpircher/ideaprojects/ink/ember/node_modules/.pnpm/typescript@5.9.3/node_modules/typescript/lib/typesmap.json
[16:59:29.024] Processing cache location '/Users/patrickpircher/Library/Caches/typescript/5.9'
[16:59:29.024] Trying to find '/Users/patrickpircher/Library/Caches/typescript/5.9/package.json'...
[16:59:29.025] Loaded content of '/Users/patrickpircher/Library/Caches/typescript/5.9/package.json':
    {
      "private": true,
      "dependencies": {
        "types-registry": "^0.1.746"
      },
      "devDependencies": {
        "@types/brace-expansion": "^1.1.2",
        "@types/cors": "^2.8.19",
        "@types/express": "^5.0.5",
        "@types/react": "^19.1.10"
      }
    }
[16:59:29.025] Loaded content of '/Users/patrickpircher/Library/Caches/typescript/5.9/package-lock.json':
    {
      "name": "5.9",
      "lockfileVersion": 3,
      "requires": true,
      "packages": {
        "": {
          "dependencies": {
            "types-registry": "^0.1.746"
          },
          "devDependencies": {
            "@types/brace-expansion": "^1.1.2",
            "@types/cors": "^2.8.19",
            "@types/express": "^5.0.5",
            "@types/react": "^19.1.10"
          }
        },
        "node_modules/@types/body-parser": {
          "version": "1.19.6",
          "resolved": "https://registry.npmjs.org/@types/body-parser/-/body-parser-1.19.6.tgz",
          "integrity": "sha512-HLFeCYgz89uk22N5Qg3dvGvsv46B8GLvKKo1zKG4NybA8U2DiEO3w9lqGg29t/tfLRJpJ6iQxnVw4OnB7MoM9g==",
          "dev": true,
          "license": "MIT",
          "dependencies": {
            "@types/connect": "*",
            "@types/node": "*"
          }
        },
        "node_modules/@types/brace-expansion": {
          "version": "1.1.2",
          "resolved": "https://na.artifactory.swg-devops.com/artifactory/api/npm/hyc-wca-team-npm-virtual/@types/brace-expansion/-/brace-expansion-1.1.2.tgz?dl=https%3A%2F%2Fregistry.npmjs.org%2F%40types%2Fbrace-expansion%2F-%2Fbrace-expansion-1.1.2.tgz",
          "integrity": "sha512-+YDjlWHMm/zoiQSKhEhL/0HdfYxCVuGlP5tQLm5hoHtxGPAMqyHjGpLqm58YDw7vG+RafAahp7HKXeNIwBP3kQ==",
          "dev": true,
          "license": "MIT"
        },
        "node_modules/@types/connect": {
          "version": "3.4.38",
          "resolved": "https://registry.npmjs.org/@types/connect/-/connect-3.4.38.tgz",
          "integrity": "sha512-K6uROf1LD88uDQqJCktA4yzL1YYAK6NgfsI0v/mTgyPKWsX1CnJ0XPSDhViejru1GcRkLWb8RlzFYJRqGUbaug==",
          "dev": true,
          "license": "MIT",
          "dependencies": {
            "@types/node": "*"
          }
        },
        "node_modules/@types/cors": {
          "version": "2.8.19",
          "resolved": "https://registry.npmjs.org/@types/cors/-/cors-2.8.19.tgz",
          "integrity": "sha512-mFNylyeyqN93lfe/9CSxOGREz8cpzAhH+E93xJ4xWQf62V8sQ/24reV2nyzUWM6H6Xji+GGHpkbLe7pVoUEskg==",
          "dev": true,
          "license": "MIT",
          "dependencies": {
            "@types/node": "*"
          }
        },
        "node_modules/@types/express": {
          "version": "5.0.5",
          "resolved": "https://registry.npmjs.org/@types/express/-/express-5.0.5.tgz",
          "integrity": "sha512-LuIQOcb6UmnF7C1PCFmEU1u2hmiHL43fgFQX67sN3H4Z+0Yk0Neo++mFsBjhOAuLzvlQeqAAkeDOZrJs9rzumQ==",
          "dev": true,
          "license": "MIT",
          "dependencies": {
            "@types/body-parser": "*",
            "@types/express-serve-static-core": "^5.0.0",
            "@types/serve-static": "^1"
          }
        },
        "node_modules/@types/express-serve-static-core": {
          "version": "5.0.7",
          "resolved": "https://registry.npmjs.org/@types/express-serve-static-core/-/express-serve-static-core-5.0.7.tgz",
          "integrity": "sha512-R+33OsgWw7rOhD1emjU7dzCDHucJrgJXMA5PYCzJxVil0dsyx5iBEPHqpPfiKNJQb7lZ1vxwoLR4Z87bBUpeGQ==",
          "dev": true,
          "license": "MIT",
          "dependencies": {
            "@types/node": "*",
            "@types/qs": "*",
            "@types/range-parser": "*",
            "@types/send": "*"
          }
        },
        "node_modules/@types/http-errors": {
          "version": "2.0.5",
          "resolved": "https://registry.npmjs.org/@types/http-errors/-/http-errors-2.0.5.tgz",
          "integrity": "sha512-r8Tayk8HJnX0FztbZN7oVqGccWgw98T/0neJphO91KkmOzug1KkofZURD4UaD5uH8AqcFLfdPErnBod0u71/qg==",
          "dev": true,
          "license": "MIT"
        },
        "node_modules/@types/mime": {
          "version": "1.3.5",
          "resolved": "https://registry.npmjs.org/@types/mime/-/mime-1.3.5.tgz",
          "integrity": "sha512-/pyBZWSLD2n0dcHE3hq8s8ZvcETHtEuF+3E7XVt0Ig2nvsVQXdghHVcEkIWjy9A0wKfTn97a/PSDYohKIlnP/w==",
          "dev": true,
          "license": "MIT"
        },
        "node_modules/@types/node": {
          "version": "24.5.1",
          "resolved": "https://registry.npmjs.org/@types/node/-/node-24.5.1.tgz",
          "integrity": "sha512-/SQdmUP2xa+1rdx7VwB9yPq8PaKej8TD5cQ+XfKDPWWC+VDJU4rvVVagXqKUzhKjtFoNA8rXDJAkCxQPAe00+Q==",
          "dev": true,
          "license": "MIT",
          "dependencies": {
            "undici-types": "~7.12.0"
          }
        },
        "node_modules/@types/qs": {
          "version": "6.14.0",
          "resolved": "https://registry.npmjs.org/@types/qs/-/qs-6.14.0.tgz",
          "integrity": "sha512-eOunJqu0K1923aExK6y8p6fsihYEn/BYuQ4g0CxAAgFc4b/ZLN4CrsRZ55srTdqoiLzU2B2evC+apEIxprEzkQ==",
          "dev": true,
          "license": "MIT"
        },
        "node_modules/@types/range-parser": {
          "version": "1.2.7",
          "resolved": "https://registry.npmjs.org/@types/range-parser/-/range-parser-1.2.7.tgz",
          "integrity": "sha512-hKormJbkJqzQGhziax5PItDUTMAM9uE2XXQmM37dyd4hVM+5aVl7oVxMVUiVQn2oCQFN/LKCZdvSM0pFRqbSmQ==",
          "dev": true,
          "license": "MIT"
        },
        "node_modules/@types/react": {
          "version": "19.1.10",
          "resolved": "https://na.artifactory.swg-devops.com/artifactory/api/npm/hyc-wca-team-npm-virtual/@types/react/-/react-19.1.10.tgz?dl=https%3A%2F%2Fregistry.npmjs.org%2F%40types%2Freact%2F-%2Freact-19.1.10.tgz",
          "integrity": "sha512-EhBeSYX0Y6ye8pNebpKrwFJq7BoQ8J5SO6NlvNwwHjSj6adXJViPQrKlsyPw7hLBLvckEMO1yxeGdR82YBBlDg==",
          "dev": true,
          "license": "MIT",
          "dependencies": {
            "csstype": "^3.0.2"
          }
        },
        "node_modules/@types/send": {
          "version": "0.17.5",
          "resolved": "https://registry.npmjs.org/@types/send/-/send-0.17.5.tgz",
          "integrity": "sha512-z6F2D3cOStZvuk2SaP6YrwkNO65iTZcwA2ZkSABegdkAh/lf+Aa/YQndZVfmEXT5vgAp6zv06VQ3ejSVjAny4w==",
          "dev": true,
          "license": "MIT",
          "dependencies": {
            "@types/mime": "^1",
            "@types/node": "*"
          }
        },
        "node_modules/@types/serve-static": {
          "version": "1.15.8",
          "resolved": "https://registry.npmjs.org/@types/serve-static/-/serve-static-1.15.8.tgz",
          "integrity": "sha512-roei0UY3LhpOJvjbIP6ZZFngyLKl5dskOtDhxY5THRSpO+ZI+nzJ+m5yUMzGrp89YRa7lvknKkMYjqQFGwA7Sg==",
          "dev": true,
          "license": "MIT",
          "dependencies": {
            "@types/http-errors": "*",
            "@types/node": "*",
            "@types/send": "*"
          }
        },
        "node_modules/csstype": {
          "version": "3.1.3",
          "resolved": "https://na.artifactory.swg-devops.com/artifactory/api/npm/hyc-wca-team-npm-virtual/csstype/-/csstype-3.1.3.tgz?dl=https%3A%2F%2Fregistry.npmjs.org%2Fcsstype%2F-%2Fcsstype-3.1.3.tgz",
          "integrity": "sha512-M1uQkMl8rQK/szD0LNhtqxIPLpimGm8sOBwU7lLnCpSbTyY3yeU1Vc7l4KT5zT4s/yOxHH5O7tIuuLOCnLADRw==",
          "dev": true,
          "license": "MIT"
        },
        "node_modules/types-registry": {
          "version": "0.1.746",
          "resolved": "https://registry.npmjs.org/types-registry/-/types-registry-0.1.746.tgz",
          "integrity": "sha512-BfsXbxO0A6reBoUs77Lj7iw6BCR6Cfw37LO1C482paOsjMbBFDkq9HXYWOOPTz12xYALfP1P3k4ZVOvggA7yKA==",
          "license": "MIT"
        },
        "node_modules/undici-types": {
          "version": "7.12.0",
          "resolved": "https://registry.npmjs.org/undici-types/-/undici-types-7.12.0.tgz",
          "integrity": "sha512-goOacqME2GYyOZZfb5Lgtu+1IDmAlAEu5xnD3+xTzS10hT0vzpf0SPjkXwAw9Jm+4n/mQGDP3LO8CPbYROeBfQ==",
          "dev": true,
          "license": "MIT"
        }
      }
    }
[16:59:29.028] Adding entry into typings cache: 'brace-expansion' => '/Users/patrickpircher/Library/Caches/typescript/5.9/node_modules/@types/brace-expansion/index.d.ts'
[16:59:29.028] Adding entry into typings cache: 'cors' => '/Users/patrickpircher/Library/Caches/typescript/5.9/node_modules/@types/cors/index.d.ts'
[16:59:29.029] Adding entry into typings cache: 'express' => '/Users/patrickpircher/Library/Caches/typescript/5.9/node_modules/@types/express/index.d.ts'
[16:59:29.030] Adding entry into typings cache: 'react' => '/Users/patrickpircher/Library/Caches/typescript/5.9/node_modules/@types/react/index.d.ts'
[16:59:29.030] Finished processing cache location '/Users/patrickpircher/Library/Caches/typescript/5.9'
[16:59:29.030] Process id: 32006
[16:59:29.030] NPM location: /Users/patrickpircher/Library/pnpm/nodejs/24.11.1/bin/npm (explicit '--npmLocation' not  provided)
[16:59:29.030] validateDefaultNpmLocation: false
[16:59:29.030] Npm config file: /Users/patrickpircher/Library/Caches/typescript/5.9/package.json
[16:59:29.030] Updating types-registry npm package...
[16:59:29.030] Exec: /Users/patrickpircher/Library/pnpm/nodejs/24.11.1/bin/npm install --ignore-scripts types-registry@latest
[16:59:29.052]     Failed. stdout:
    stderr:
    /bin/sh: /Users/patrickpircher/Library/pnpm/nodejs/24.11.1/bin/npm: No such file or directory
    
[16:59:29.052] Updated types-registry npm package
[16:59:29.082] Got install request
    {
      "projectName": "/dev/null/inferredProject1*",
      "fileNames": [
        "/Users/patrickpircher/IdeaProjects/ink/ember/node_modules/.pnpm/typescript@5.9.3/node_modules/typescript/lib/lib.d.ts",
        "/Users/patrickpircher/IdeaProjects/ink/ember/node_modules/.pnpm/typescript@5.9.3/node_modules/typescript/lib/lib.es5.d.ts",
        "/Users/patrickpircher/IdeaProjects/ink/ember/node_modules/.pnpm/typescript@5.9.3/node_modules/typescript/lib/lib.dom.d.ts",
        "/Users/patrickpircher/IdeaProjects/ink/ember/node_modules/.pnpm/typescript@5.9.3/node_modules/typescript/lib/lib.webworker.importscripts.d.ts",
        "/Users/patrickpircher/IdeaProjects/ink/ember/node_modules/.pnpm/typescript@5.9.3/node_modules/typescript/lib/lib.scripthost.d.ts",
        "/Users/patrickpircher/IdeaProjects/ink/ember/node_modules/.pnpm/typescript@5.9.3/node_modules/typescript/lib/lib.decorators.d.ts",
        "/Users/patrickpircher/IdeaProjects/ink/ember/node_modules/.pnpm/typescript@5.9.3/node_modules/typescript/lib/lib.decorators.legacy.d.ts",
        "/Users/patrickpircher/IdeaProjects/ink/ember/ember-console-demo/tests/basic-test.gts"
      ],
      "compilerOptions": {
        "file": "./ts-server.log",
        "sourceMap": true,
        "level": "verbose",
        "isolatedModules": true,
        "logToFile": true,
        "jsx": 2,
        "outDir": "build",
        "allowNonTsExtensions": true,
        "noEmitForJsFiles": true
      },
      "typeAcquisition": {
        "enable": true,
        "include": [],
        "exclude": []
      },
      "unresolvedImports": [
        "#types",
        "@vitest/utils",
        "ember-vitest"
      ],
      "projectRootPath": "/Users/patrickpircher/IdeaProjects/ink/ember/ember-console-demo/tests",
      "kind": "discover"
    }
[16:59:29.089] Loaded safelist from types map file '/users/patrickpircher/ideaprojects/ink/ember/node_modules/.pnpm/typescript@5.9.3/node_modules/typescript/lib/typesmap.json'
[16:59:29.089] Explicitly included types: []
[16:59:29.089] Inferred typings from unresolved imports: ["#types","@vitest/utils","ember-vitest"]
[16:59:29.089] Finished typings discovery:
    {
      "cachedTypingPaths": [],
      "newTypingNames": [
        "#types",
        "@vitest/utils",
        "ember-vitest"
      ],
      "filesToWatch": [
        "/Users/patrickpircher/IdeaProjects/ink/ember/ember-console-demo/tests/bower_components",
        "/Users/patrickpircher/IdeaProjects/ink/ember/ember-console-demo/tests/node_modules"
      ]
    }
[16:59:29.089] Sending response:
    {
      "kind": "action::watchTypingLocations",
      "projectName": "/dev/null/inferredProject1*",
      "files": [
        "/Users/patrickpircher/IdeaProjects/ink/ember/ember-console-demo/tests/bower_components",
        "/Users/patrickpircher/IdeaProjects/ink/ember/ember-console-demo/tests/node_modules"
      ]
    }
[16:59:29.090] Response has been sent.
[16:59:29.090] Installing typings ["#types","@vitest/utils","ember-vitest"]
[16:59:29.090] '#types':: Package name '#types' contains non URI safe characters
[16:59:29.090] '@vitest/utils':: Entry for package 'vitest__utils' does not exist in local types registry - skipping...
[16:59:29.090] 'ember-vitest':: Entry for package 'ember-vitest' does not exist in local types registry - skipping...
[16:59:29.090] All typings are known to be missing or invalid - no need to install more typings
[16:59:29.090] Sending response:
    {
      "projectName": "/dev/null/inferredProject1*",
      "typeAcquisition": {
        "enable": true,
        "include": [],
        "exclude": []
      },
      "compilerOptions": {
        "file": "./ts-server.log",
        "sourceMap": true,
        "level": "verbose",
        "isolatedModules": true,
        "logToFile": true,
        "jsx": 2,
        "outDir": "build",
        "allowNonTsExtensions": true,
        "noEmitForJsFiles": true
      },
      "typings": [],
      "unresolvedImports": [
        "#types",
        "@vitest/utils",
        "ember-vitest"
      ],
      "kind": "action::set"
    }
[16:59:29.090] Response has been sent.
[17:10:58.571] Got install request
    {
      "projectName": "/dev/null/inferredProject8*",
      "fileNames": [
        "/Users/patrickpircher/IdeaProjects/ink/ember/node_modules/.pnpm/typescript@5.9.3/node_modules/typescript/lib/lib.d.ts",
        "/Users/patrickpircher/IdeaProjects/ink/ember/node_modules/.pnpm/typescript@5.9.3/node_modules/typescript/lib/lib.es5.d.ts",
        "/Users/patrickpircher/IdeaProjects/ink/ember/node_modules/.pnpm/typescript@5.9.3/node_modules/typescript/lib/lib.dom.d.ts",
        "/Users/patrickpircher/IdeaProjects/ink/ember/node_modules/.pnpm/typescript@5.9.3/node_modules/typescript/lib/lib.webworker.importscripts.d.ts",
        "/Users/patrickpircher/IdeaProjects/ink/ember/node_modules/.pnpm/typescript@5.9.3/node_modules/typescript/lib/lib.scripthost.d.ts",
        "/Users/patrickpircher/IdeaProjects/ink/ember/node_modules/.pnpm/typescript@5.9.3/node_modules/typescript/lib/lib.decorators.d.ts",
        "/Users/patrickpircher/IdeaProjects/ink/ember/node_modules/.pnpm/typescript@5.9.3/node_modules/typescript/lib/lib.decorators.legacy.d.ts",
        "/Users/patrickpircher/IdeaProjects/ink/ember/node_modules/.pnpm/pathe@2.0.3/node_modules/pathe/dist/index.d.ts"
      ],
      "compilerOptions": {
        "file": "./ts-server.log",
        "sourceMap": true,
        "level": "verbose",
        "isolatedModules": true,
        "logToFile": true,
        "jsx": 2,
        "outDir": "build",
        "allowNonTsExtensions": true,
        "noEmitForJsFiles": true
      },
      "typeAcquisition": {
        "enable": true,
        "include": [],
        "exclude": []
      },
      "unresolvedImports": [
        "glob"
      ],
      "projectRootPath": "/Users/patrickpircher/IdeaProjects/ink/ember/node_modules/.pnpm/pathe@2.0.3/node_modules/pathe/dist",
      "kind": "discover"
    }
[17:10:58.572] Explicitly included types: []
[17:10:58.572] Inferred typings from unresolved imports: ["glob"]
[17:10:58.572] Finished typings discovery:
    {
      "cachedTypingPaths": [],
      "newTypingNames": [
        "glob"
      ],
      "filesToWatch": [
        "/Users/patrickpircher/IdeaProjects/ink/ember/node_modules/.pnpm/pathe@2.0.3/node_modules/pathe/dist/bower_components",
        "/Users/patrickpircher/IdeaProjects/ink/ember/node_modules/.pnpm/pathe@2.0.3/node_modules/pathe/dist/node_modules"
      ]
    }
[17:10:58.572] Sending response:
    {
      "kind": "action::watchTypingLocations",
      "projectName": "/dev/null/inferredProject8*",
      "files": [
        "/Users/patrickpircher/IdeaProjects/ink/ember/node_modules/.pnpm/pathe@2.0.3/node_modules/pathe/dist/bower_components",
        "/Users/patrickpircher/IdeaProjects/ink/ember/node_modules/.pnpm/pathe@2.0.3/node_modules/pathe/dist/node_modules"
      ]
    }
[17:10:58.572] Response has been sent.
[17:10:58.572] Installing typings ["glob"]
[17:10:58.572] 'glob':: Entry for package 'glob' does not exist in local types registry - skipping...
[17:10:58.572] All typings are known to be missing or invalid - no need to install more typings
[17:10:58.572] Sending response:
    {
      "projectName": "/dev/null/inferredProject8*",
      "typeAcquisition": {
        "enable": true,
        "include": [],
        "exclude": []
      },
      "compilerOptions": {
        "file": "./ts-server.log",
        "sourceMap": true,
        "level": "verbose",
        "isolatedModules": true,
        "logToFile": true,
        "jsx": 2,
        "outDir": "build",
        "allowNonTsExtensions": true,
        "noEmitForJsFiles": true
      },
      "typings": [],
      "unresolvedImports": [
        "glob"
      ],
      "kind": "action::set"
    }
[17:10:58.572] Response has been sent.
[17:11:00.617] Got install request
    {
      "projectName": "/dev/null/inferredProject11*",
      "fileNames": [
        "/Users/patrickpircher/IdeaProjects/ink/ember/node_modules/.pnpm/typescript@5.9.3/node_modules/typescript/lib/lib.d.ts",
        "/Users/patrickpircher/IdeaProjects/ink/ember/node_modules/.pnpm/typescript@5.9.3/node_modules/typescript/lib/lib.es5.d.ts",
        "/Users/patrickpircher/IdeaProjects/ink/ember/node_modules/.pnpm/typescript@5.9.3/node_modules/typescript/lib/lib.dom.d.ts",
        "/Users/patrickpircher/IdeaProjects/ink/ember/node_modules/.pnpm/typescript@5.9.3/node_modules/typescript/lib/lib.webworker.importscripts.d.ts",
        "/Users/patrickpircher/IdeaProjects/ink/ember/node_modules/.pnpm/typescript@5.9.3/node_modules/typescript/lib/lib.scripthost.d.ts",
        "/Users/patrickpircher/IdeaProjects/ink/ember/node_modules/.pnpm/typescript@5.9.3/node_modules/typescript/lib/lib.decorators.d.ts",
        "/Users/patrickpircher/IdeaProjects/ink/ember/node_modules/.pnpm/typescript@5.9.3/node_modules/typescript/lib/lib.decorators.legacy.d.ts",
        "/Users/patrickpircher/IdeaProjects/ink/ember/node_modules/.pnpm/pathe@2.0.3/node_modules/pathe/dist/index.d.mts"
      ],
      "compilerOptions": {
        "file": "./ts-server.log",
        "sourceMap": true,
        "level": "verbose",
        "isolatedModules": true,
        "logToFile": true,
        "jsx": 2,
        "outDir": "build",
        "allowNonTsExtensions": true,
        "noEmitForJsFiles": true
      },
      "typeAcquisition": {
        "enable": true,
        "include": [],
        "exclude": []
      },
      "unresolvedImports": [
        "glob"
      ],
      "projectRootPath": "/Users/patrickpircher/IdeaProjects/ink/ember/node_modules/.pnpm/pathe@2.0.3/node_modules/pathe/dist",
      "kind": "discover"
    }
[17:11:00.617] Explicitly included types: []
[17:11:00.618] Inferred typings from unresolved imports: ["glob"]
[17:11:00.618] Finished typings discovery:
    {
      "cachedTypingPaths": [],
      "newTypingNames": [
        "glob"
      ],
      "filesToWatch": [
        "/Users/patrickpircher/IdeaProjects/ink/ember/node_modules/.pnpm/pathe@2.0.3/node_modules/pathe/dist/bower_components",
        "/Users/patrickpircher/IdeaProjects/ink/ember/node_modules/.pnpm/pathe@2.0.3/node_modules/pathe/dist/node_modules"
      ]
    }
[17:11:00.618] Sending response:
    {
      "kind": "action::watchTypingLocations",
      "projectName": "/dev/null/inferredProject11*",
      "files": [
        "/Users/patrickpircher/IdeaProjects/ink/ember/node_modules/.pnpm/pathe@2.0.3/node_modules/pathe/dist/bower_components",
        "/Users/patrickpircher/IdeaProjects/ink/ember/node_modules/.pnpm/pathe@2.0.3/node_modules/pathe/dist/node_modules"
      ]
    }
[17:11:00.618] Response has been sent.
[17:11:00.618] Installing typings ["glob"]
[17:11:00.618] 'glob':: Entry for package 'glob' does not exist in local types registry - skipping...
[17:11:00.618] All typings are known to be missing or invalid - no need to install more typings
[17:11:00.618] Sending response:
    {
      "projectName": "/dev/null/inferredProject11*",
      "typeAcquisition": {
        "enable": true,
        "include": [],
        "exclude": []
      },
      "compilerOptions": {
        "file": "./ts-server.log",
        "sourceMap": true,
        "level": "verbose",
        "isolatedModules": true,
        "logToFile": true,
        "jsx": 2,
        "outDir": "build",
        "allowNonTsExtensions": true,
        "noEmitForJsFiles": true
      },
      "typings": [],
      "unresolvedImports": [
        "glob"
      ],
      "kind": "action::set"
    }
[17:11:00.618] Response has been sent.
[17:11:01.153] Got install request
    {
      "projectName": "/dev/null/inferredProject14*",
      "fileNames": [
        "/Users/patrickpircher/IdeaProjects/ink/ember/node_modules/.pnpm/typescript@5.9.3/node_modules/typescript/lib/lib.d.ts",
        "/Users/patrickpircher/IdeaProjects/ink/ember/node_modules/.pnpm/typescript@5.9.3/node_modules/typescript/lib/lib.es5.d.ts",
        "/Users/patrickpircher/IdeaProjects/ink/ember/node_modules/.pnpm/typescript@5.9.3/node_modules/typescript/lib/lib.dom.d.ts",
        "/Users/patrickpircher/IdeaProjects/ink/ember/node_modules/.pnpm/typescript@5.9.3/node_modules/typescript/lib/lib.webworker.importscripts.d.ts",
        "/Users/patrickpircher/IdeaProjects/ink/ember/node_modules/.pnpm/typescript@5.9.3/node_modules/typescript/lib/lib.scripthost.d.ts",
        "/Users/patrickpircher/IdeaProjects/ink/ember/node_modules/.pnpm/typescript@5.9.3/node_modules/typescript/lib/lib.decorators.d.ts",
        "/Users/patrickpircher/IdeaProjects/ink/ember/node_modules/.pnpm/typescript@5.9.3/node_modules/typescript/lib/lib.decorators.legacy.d.ts",
        "/Users/patrickpircher/IdeaProjects/ink/ember/node_modules/.pnpm/pathe@2.0.3/node_modules/pathe/dist/index.d.cts"
      ],
      "compilerOptions": {
        "file": "./ts-server.log",
        "sourceMap": true,
        "level": "verbose",
        "isolatedModules": true,
        "logToFile": true,
        "jsx": 2,
        "outDir": "build",
        "allowNonTsExtensions": true,
        "noEmitForJsFiles": true
      },
      "typeAcquisition": {
        "enable": true,
        "include": [],
        "exclude": []
      },
      "unresolvedImports": [
        "glob"
      ],
      "projectRootPath": "/Users/patrickpircher/IdeaProjects/ink/ember/node_modules/.pnpm/pathe@2.0.3/node_modules/pathe/dist",
      "kind": "discover"
    }
[17:11:01.153] Explicitly included types: []
[17:11:01.153] Inferred typings from unresolved imports: ["glob"]
[17:11:01.153] Finished typings discovery:
    {
      "cachedTypingPaths": [],
      "newTypingNames": [
        "glob"
      ],
      "filesToWatch": [
        "/Users/patrickpircher/IdeaProjects/ink/ember/node_modules/.pnpm/pathe@2.0.3/node_modules/pathe/dist/bower_components",
        "/Users/patrickpircher/IdeaProjects/ink/ember/node_modules/.pnpm/pathe@2.0.3/node_modules/pathe/dist/node_modules"
      ]
    }
[17:11:01.154] Sending response:
    {
      "kind": "action::watchTypingLocations",
      "projectName": "/dev/null/inferredProject14*",
      "files": [
        "/Users/patrickpircher/IdeaProjects/ink/ember/node_modules/.pnpm/pathe@2.0.3/node_modules/pathe/dist/bower_components",
        "/Users/patrickpircher/IdeaProjects/ink/ember/node_modules/.pnpm/pathe@2.0.3/node_modules/pathe/dist/node_modules"
      ]
    }
[17:11:01.154] Response has been sent.
[17:11:01.154] Installing typings ["glob"]
[17:11:01.154] 'glob':: Entry for package 'glob' does not exist in local types registry - skipping...
[17:11:01.154] All typings are known to be missing or invalid - no need to install more typings
[17:11:01.154] Sending response:
    {
      "projectName": "/dev/null/inferredProject14*",
      "typeAcquisition": {
        "enable": true,
        "include": [],
        "exclude": []
      },
      "compilerOptions": {
        "file": "./ts-server.log",
        "sourceMap": true,
        "level": "verbose",
        "isolatedModules": true,
        "logToFile": true,
        "jsx": 2,
        "outDir": "build",
        "allowNonTsExtensions": true,
        "noEmitForJsFiles": true
      },
      "typings": [],
      "unresolvedImports": [
        "glob"
      ],
      "kind": "action::set"
    }
[17:11:01.154] Response has been sent.
[17:20:08.781] Closing file watchers for project '/dev/null/inferredProject8*'
[17:20:08.782] Sending response:
    {
      "kind": "action::watchTypingLocations",
      "projectName": "/dev/null/inferredProject8*",
      "files": []
    }
[17:20:08.782] Response has been sent.
[17:20:08.782] Closing file watchers for project '/dev/null/inferredProject8*' - done.
[17:20:08.782] Closing file watchers for project '/dev/null/inferredProject11*'
[17:20:08.782] Sending response:
    {
      "kind": "action::watchTypingLocations",
      "projectName": "/dev/null/inferredProject11*",
      "files": []
    }
[17:20:08.782] Response has been sent.
[17:20:08.782] Closing file watchers for project '/dev/null/inferredProject11*' - done.
[17:20:08.782] Closing file watchers for project '/dev/null/inferredProject14*'
[17:20:08.782] Sending response:
    {
      "kind": "action::watchTypingLocations",
      "projectName": "/dev/null/inferredProject14*",
      "files": []
    }
[17:20:08.783] Response has been sent.
[17:20:08.783] Closing file watchers for project '/dev/null/inferredProject14*' - done.
[17:20:14.682] Got install request
    {
      "projectName": "/dev/null/inferredProject41*",
      "fileNames": [
        "/Users/patrickpircher/IdeaProjects/ink/ember/node_modules/.pnpm/typescript@5.9.3/node_modules/typescript/lib/lib.d.ts",
        "/Users/patrickpircher/IdeaProjects/ink/ember/node_modules/.pnpm/typescript@5.9.3/node_modules/typescript/lib/lib.es5.d.ts",
        "/Users/patrickpircher/IdeaProjects/ink/ember/node_modules/.pnpm/typescript@5.9.3/node_modules/typescript/lib/lib.dom.d.ts",
        "/Users/patrickpircher/IdeaProjects/ink/ember/node_modules/.pnpm/typescript@5.9.3/node_modules/typescript/lib/lib.webworker.importscripts.d.ts",
        "/Users/patrickpircher/IdeaProjects/ink/ember/node_modules/.pnpm/typescript@5.9.3/node_modules/typescript/lib/lib.scripthost.d.ts",
        "/Users/patrickpircher/IdeaProjects/ink/ember/node_modules/.pnpm/typescript@5.9.3/node_modules/typescript/lib/lib.decorators.d.ts",
        "/Users/patrickpircher/IdeaProjects/ink/ember/node_modules/.pnpm/typescript@5.9.3/node_modules/typescript/lib/lib.decorators.legacy.d.ts",
        "/Users/patrickpircher/IdeaProjects/ink/ember/node_modules/.pnpm/pathe@2.0.3/node_modules/pathe/dist/index.d.ts"
      ],
      "compilerOptions": {
        "file": "./ts-server.log",
        "sourceMap": true,
        "level": "verbose",
        "isolatedModules": true,
        "logToFile": true,
        "jsx": 2,
        "outDir": "build",
        "allowNonTsExtensions": true,
        "noEmitForJsFiles": true
      },
      "typeAcquisition": {
        "enable": true,
        "include": [],
        "exclude": []
      },
      "unresolvedImports": [
        "glob"
      ],
      "projectRootPath": "/Users/patrickpircher/IdeaProjects/ink/ember/node_modules/.pnpm/pathe@2.0.3/node_modules/pathe/dist",
      "kind": "discover"
    }
[17:20:14.682] Explicitly included types: []
[17:20:14.682] Inferred typings from unresolved imports: ["glob"]
[17:20:14.683] Finished typings discovery:
    {
      "cachedTypingPaths": [],
      "newTypingNames": [
        "glob"
      ],
      "filesToWatch": [
        "/Users/patrickpircher/IdeaProjects/ink/ember/node_modules/.pnpm/pathe@2.0.3/node_modules/pathe/dist/bower_components",
        "/Users/patrickpircher/IdeaProjects/ink/ember/node_modules/.pnpm/pathe@2.0.3/node_modules/pathe/dist/node_modules"
      ]
    }
[17:20:14.683] Sending response:
    {
      "kind": "action::watchTypingLocations",
      "projectName": "/dev/null/inferredProject41*",
      "files": [
        "/Users/patrickpircher/IdeaProjects/ink/ember/node_modules/.pnpm/pathe@2.0.3/node_modules/pathe/dist/bower_components",
        "/Users/patrickpircher/IdeaProjects/ink/ember/node_modules/.pnpm/pathe@2.0.3/node_modules/pathe/dist/node_modules"
      ]
    }
[17:20:14.683] Response has been sent.
[17:20:14.683] Installing typings ["glob"]
[17:20:14.683] 'glob':: Entry for package 'glob' does not exist in local types registry - skipping...
[17:20:14.683] All typings are known to be missing or invalid - no need to install more typings
[17:20:14.683] Sending response:
    {
      "projectName": "/dev/null/inferredProject41*",
      "typeAcquisition": {
        "enable": true,
        "include": [],
        "exclude": []
      },
      "compilerOptions": {
        "file": "./ts-server.log",
        "sourceMap": true,
        "level": "verbose",
        "isolatedModules": true,
        "logToFile": true,
        "jsx": 2,
        "outDir": "build",
        "allowNonTsExtensions": true,
        "noEmitForJsFiles": true
      },
      "typings": [],
      "unresolvedImports": [
        "glob"
      ],
      "kind": "action::set"
    }
[17:20:14.683] Response has been sent.
[17:20:15.255] Got install request
    {
      "projectName": "/dev/null/inferredProject45*",
      "fileNames": [
        "/Users/patrickpircher/IdeaProjects/ink/ember/node_modules/.pnpm/typescript@5.9.3/node_modules/typescript/lib/lib.d.ts",
        "/Users/patrickpircher/IdeaProjects/ink/ember/node_modules/.pnpm/typescript@5.9.3/node_modules/typescript/lib/lib.es5.d.ts",
        "/Users/patrickpircher/IdeaProjects/ink/ember/node_modules/.pnpm/typescript@5.9.3/node_modules/typescript/lib/lib.dom.d.ts",
        "/Users/patrickpircher/IdeaProjects/ink/ember/node_modules/.pnpm/typescript@5.9.3/node_modules/typescript/lib/lib.webworker.importscripts.d.ts",
        "/Users/patrickpircher/IdeaProjects/ink/ember/node_modules/.pnpm/typescript@5.9.3/node_modules/typescript/lib/lib.scripthost.d.ts",
        "/Users/patrickpircher/IdeaProjects/ink/ember/node_modules/.pnpm/typescript@5.9.3/node_modules/typescript/lib/lib.decorators.d.ts",
        "/Users/patrickpircher/IdeaProjects/ink/ember/node_modules/.pnpm/typescript@5.9.3/node_modules/typescript/lib/lib.decorators.legacy.d.ts",
        "/Users/patrickpircher/IdeaProjects/ink/ember/node_modules/.pnpm/pathe@2.0.3/node_modules/pathe/dist/index.d.mts"
      ],
      "compilerOptions": {
        "file": "./ts-server.log",
        "sourceMap": true,
        "level": "verbose",
        "isolatedModules": true,
        "logToFile": true,
        "jsx": 2,
        "outDir": "build",
        "allowNonTsExtensions": true,
        "noEmitForJsFiles": true
      },
      "typeAcquisition": {
        "enable": true,
        "include": [],
        "exclude": []
      },
      "unresolvedImports": [
        "glob"
      ],
      "projectRootPath": "/Users/patrickpircher/IdeaProjects/ink/ember/node_modules/.pnpm/pathe@2.0.3/node_modules/pathe/dist",
      "kind": "discover"
    }
[17:20:15.255] Explicitly included types: []
[17:20:15.256] Inferred typings from unresolved imports: ["glob"]
[17:20:15.256] Finished typings discovery:
    {
      "cachedTypingPaths": [],
      "newTypingNames": [
        "glob"
      ],
      "filesToWatch": [
        "/Users/patrickpircher/IdeaProjects/ink/ember/node_modules/.pnpm/pathe@2.0.3/node_modules/pathe/dist/bower_components",
        "/Users/patrickpircher/IdeaProjects/ink/ember/node_modules/.pnpm/pathe@2.0.3/node_modules/pathe/dist/node_modules"
      ]
    }
[17:20:15.256] Sending response:
    {
      "kind": "action::watchTypingLocations",
      "projectName": "/dev/null/inferredProject45*",
      "files": [
        "/Users/patrickpircher/IdeaProjects/ink/ember/node_modules/.pnpm/pathe@2.0.3/node_modules/pathe/dist/bower_components",
        "/Users/patrickpircher/IdeaProjects/ink/ember/node_modules/.pnpm/pathe@2.0.3/node_modules/pathe/dist/node_modules"
      ]
    }
[17:20:15.256] Response has been sent.
[17:20:15.256] Installing typings ["glob"]
[17:20:15.256] 'glob':: Entry for package 'glob' does not exist in local types registry - skipping...
[17:20:15.256] All typings are known to be missing or invalid - no need to install more typings
[17:20:15.256] Sending response:
    {
      "projectName": "/dev/null/inferredProject45*",
      "typeAcquisition": {
        "enable": true,
        "include": [],
        "exclude": []
      },
      "compilerOptions": {
        "file": "./ts-server.log",
        "sourceMap": true,
        "level": "verbose",
        "isolatedModules": true,
        "logToFile": true,
        "jsx": 2,
        "outDir": "build",
        "allowNonTsExtensions": true,
        "noEmitForJsFiles": true
      },
      "typings": [],
      "unresolvedImports": [
        "glob"
      ],
      "kind": "action::set"
    }
[17:20:15.256] Response has been sent.
[17:26:42.960] Got install request
    {
      "projectName": "/dev/null/inferredProject1*",
      "fileNames": [
        "/Users/patrickpircher/IdeaProjects/ink/ember/node_modules/.pnpm/typescript@5.9.3/node_modules/typescript/lib/lib.d.ts",
        "/Users/patrickpircher/IdeaProjects/ink/ember/node_modules/.pnpm/typescript@5.9.3/node_modules/typescript/lib/lib.es5.d.ts",
        "/Users/patrickpircher/IdeaProjects/ink/ember/node_modules/.pnpm/typescript@5.9.3/node_modules/typescript/lib/lib.dom.d.ts",
        "/Users/patrickpircher/IdeaProjects/ink/ember/node_modules/.pnpm/typescript@5.9.3/node_modules/typescript/lib/lib.webworker.importscripts.d.ts",
        "/Users/patrickpircher/IdeaProjects/ink/ember/node_modules/.pnpm/typescript@5.9.3/node_modules/typescript/lib/lib.scripthost.d.ts",
        "/Users/patrickpircher/IdeaProjects/ink/ember/node_modules/.pnpm/typescript@5.9.3/node_modules/typescript/lib/lib.decorators.d.ts",
        "/Users/patrickpircher/IdeaProjects/ink/ember/node_modules/.pnpm/typescript@5.9.3/node_modules/typescript/lib/lib.decorators.legacy.d.ts",
        "/Users/patrickpircher/IdeaProjects/ink/ember/ember-console-demo/tests/basic-test.gts"
      ],
      "compilerOptions": {
        "file": "./ts-server.log",
        "sourceMap": true,
        "level": "verbose",
        "isolatedModules": true,
        "logToFile": true,
        "jsx": 2,
        "outDir": "build",
        "allowNonTsExtensions": true,
        "noEmitForJsFiles": true
      },
      "typeAcquisition": {
        "enable": true,
        "include": [],
        "exclude": []
      },
      "unresolvedImports": [
        "#types",
        "@e",
        "@vitest/utils",
        "ember-vitest"
      ],
      "projectRootPath": "/Users/patrickpircher/IdeaProjects/ink/ember/ember-console-demo/tests",
      "kind": "discover"
    }
[17:26:42.961] Explicitly included types: []
[17:26:42.961] Inferred typings from unresolved imports: ["#types","@e","@vitest/utils","ember-vitest"]
[17:26:42.961] Finished typings discovery:
    {
      "cachedTypingPaths": [],
      "newTypingNames": [
        "#types",
        "@e",
        "@vitest/utils",
        "ember-vitest"
      ],
      "filesToWatch": [
        "/Users/patrickpircher/IdeaProjects/ink/ember/ember-console-demo/tests/bower_components",
        "/Users/patrickpircher/IdeaProjects/ink/ember/ember-console-demo/tests/node_modules"
      ]
    }
[17:26:42.961] Sending response:
    {
      "kind": "action::watchTypingLocations",
      "projectName": "/dev/null/inferredProject1*"
    }
[17:26:42.961] Response has been sent.
[17:26:42.961] Installing typings ["#types","@e","@vitest/utils","ember-vitest"]
[17:26:42.961] '#types':: '#types' is in missingTypingsSet - skipping...
[17:26:42.961] '@e':: Package name '@e' contains non URI safe characters
[17:26:42.961] '@vitest/utils':: Entry for package 'vitest__utils' does not exist in local types registry - skipping...
[17:26:42.962] 'ember-vitest':: Entry for package 'ember-vitest' does not exist in local types registry - skipping...
[17:26:42.962] All typings are known to be missing or invalid - no need to install more typings
[17:26:42.962] Sending response:
    {
      "projectName": "/dev/null/inferredProject1*",
      "typeAcquisition": {
        "enable": true,
        "include": [],
        "exclude": []
      },
      "compilerOptions": {
        "file": "./ts-server.log",
        "sourceMap": true,
        "level": "verbose",
        "isolatedModules": true,
        "logToFile": true,
        "jsx": 2,
        "outDir": "build",
        "allowNonTsExtensions": true,
        "noEmitForJsFiles": true
      },
      "typings": [],
      "unresolvedImports": [
        "#types",
        "@e",
        "@vitest/utils",
        "ember-vitest"
      ],
      "kind": "action::set"
    }
[17:26:42.962] Response has been sent.
[17:26:44.607] Got install request
    {
      "projectName": "/dev/null/inferredProject1*",
      "fileNames": [
        "/Users/patrickpircher/IdeaProjects/ink/ember/node_modules/.pnpm/typescript@5.9.3/node_modules/typescript/lib/lib.d.ts",
        "/Users/patrickpircher/IdeaProjects/ink/ember/node_modules/.pnpm/typescript@5.9.3/node_modules/typescript/lib/lib.es5.d.ts",
        "/Users/patrickpircher/IdeaProjects/ink/ember/node_modules/.pnpm/typescript@5.9.3/node_modules/typescript/lib/lib.dom.d.ts",
        "/Users/patrickpircher/IdeaProjects/ink/ember/node_modules/.pnpm/typescript@5.9.3/node_modules/typescript/lib/lib.webworker.importscripts.d.ts",
        "/Users/patrickpircher/IdeaProjects/ink/ember/node_modules/.pnpm/typescript@5.9.3/node_modules/typescript/lib/lib.scripthost.d.ts",
        "/Users/patrickpircher/IdeaProjects/ink/ember/node_modules/.pnpm/typescript@5.9.3/node_modules/typescript/lib/lib.decorators.d.ts",
        "/Users/patrickpircher/IdeaProjects/ink/ember/node_modules/.pnpm/typescript@5.9.3/node_modules/typescript/lib/lib.decorators.legacy.d.ts",
        "/Users/patrickpircher/IdeaProjects/ink/ember/ember-console-demo/tests/basic-test.gts"
      ],
      "compilerOptions": {
        "file": "./ts-server.log",
        "sourceMap": true,
        "level": "verbose",
        "isolatedModules": true,
        "logToFile": true,
        "jsx": 2,
        "outDir": "build",
        "allowNonTsExtensions": true,
        "noEmitForJsFiles": true
      },
      "typeAcquisition": {
        "enable": true,
        "include": [],
        "exclude": []
      },
      "unresolvedImports": [
        "#types",
        "@ember/o",
        "@vitest/utils",
        "ember-vitest"
      ],
      "projectRootPath": "/Users/patrickpircher/IdeaProjects/ink/ember/ember-console-demo/tests",
      "kind": "discover"
    }
[17:26:44.608] Explicitly included types: []
[17:26:44.608] Inferred typings from unresolved imports: ["#types","@ember/o","@vitest/utils","ember-vitest"]
[17:26:44.608] Finished typings discovery:
    {
      "cachedTypingPaths": [],
      "newTypingNames": [
        "#types",
        "@ember/o",
        "@vitest/utils",
        "ember-vitest"
      ],
      "filesToWatch": [
        "/Users/patrickpircher/IdeaProjects/ink/ember/ember-console-demo/tests/bower_components",
        "/Users/patrickpircher/IdeaProjects/ink/ember/ember-console-demo/tests/node_modules"
      ]
    }
[17:26:44.608] Sending response:
    {
      "kind": "action::watchTypingLocations",
      "projectName": "/dev/null/inferredProject1*"
    }
[17:26:44.608] Response has been sent.
[17:26:44.608] Installing typings ["#types","@ember/o","@vitest/utils","ember-vitest"]
[17:26:44.609] '#types':: '#types' is in missingTypingsSet - skipping...
[17:26:44.609] '@ember/o':: Entry for package 'ember__o' does not exist in local types registry - skipping...
[17:26:44.609] '@vitest/utils':: Entry for package 'vitest__utils' does not exist in local types registry - skipping...
[17:26:44.609] 'ember-vitest':: Entry for package 'ember-vitest' does not exist in local types registry - skipping...
[17:26:44.609] All typings are known to be missing or invalid - no need to install more typings
[17:26:44.609] Sending response:
    {
      "projectName": "/dev/null/inferredProject1*",
      "typeAcquisition": {
        "enable": true,
        "include": [],
        "exclude": []
      },
      "compilerOptions": {
        "file": "./ts-server.log",
        "sourceMap": true,
        "level": "verbose",
        "isolatedModules": true,
        "logToFile": true,
        "jsx": 2,
        "outDir": "build",
        "allowNonTsExtensions": true,
        "noEmitForJsFiles": true
      },
      "typings": [],
      "unresolvedImports": [
        "#types",
        "@ember/o",
        "@vitest/utils",
        "ember-vitest"
      ],
      "kind": "action::set"
    }
[17:26:44.609] Response has been sent.
[17:26:46.740] Got install request
    {
      "projectName": "/dev/null/inferredProject1*",
      "fileNames": [
        "/Users/patrickpircher/IdeaProjects/ink/ember/node_modules/.pnpm/typescript@5.9.3/node_modules/typescript/lib/lib.d.ts",
        "/Users/patrickpircher/IdeaProjects/ink/ember/node_modules/.pnpm/typescript@5.9.3/node_modules/typescript/lib/lib.es5.d.ts",
        "/Users/patrickpircher/IdeaProjects/ink/ember/node_modules/.pnpm/typescript@5.9.3/node_modules/typescript/lib/lib.dom.d.ts",
        "/Users/patrickpircher/IdeaProjects/ink/ember/node_modules/.pnpm/typescript@5.9.3/node_modules/typescript/lib/lib.webworker.importscripts.d.ts",
        "/Users/patrickpircher/IdeaProjects/ink/ember/node_modules/.pnpm/typescript@5.9.3/node_modules/typescript/lib/lib.scripthost.d.ts",
        "/Users/patrickpircher/IdeaProjects/ink/ember/node_modules/.pnpm/typescript@5.9.3/node_modules/typescript/lib/lib.decorators.d.ts",
        "/Users/patrickpircher/IdeaProjects/ink/ember/node_modules/.pnpm/typescript@5.9.3/node_modules/typescript/lib/lib.decorators.legacy.d.ts",
        "/Users/patrickpircher/IdeaProjects/ink/ember/ember-console-demo/tests/basic-test.gts"
      ],
      "compilerOptions": {
        "file": "./ts-server.log",
        "sourceMap": true,
        "level": "verbose",
        "isolatedModules": true,
        "logToFile": true,
        "jsx": 2,
        "outDir": "build",
        "allowNonTsExtensions": true,
        "noEmitForJsFiles": true
      },
      "typeAcquisition": {
        "enable": true,
        "include": [],
        "exclude": []
      },
      "unresolvedImports": [
        "#types",
        "@ember/owner",
        "@vitest/utils",
        "ember-vitest"
      ],
      "projectRootPath": "/Users/patrickpircher/IdeaProjects/ink/ember/ember-console-demo/tests",
      "kind": "discover"
    }
[17:26:46.740] Explicitly included types: []
[17:26:46.740] Inferred typings from unresolved imports: ["#types","@ember/owner","@vitest/utils","ember-vitest"]
[17:26:46.740] Finished typings discovery:
    {
      "cachedTypingPaths": [],
      "newTypingNames": [
        "#types",
        "@ember/owner",
        "@vitest/utils",
        "ember-vitest"
      ],
      "filesToWatch": [
        "/Users/patrickpircher/IdeaProjects/ink/ember/ember-console-demo/tests/bower_components",
        "/Users/patrickpircher/IdeaProjects/ink/ember/ember-console-demo/tests/node_modules"
      ]
    }
[17:26:46.741] Sending response:
    {
      "kind": "action::watchTypingLocations",
      "projectName": "/dev/null/inferredProject1*"
    }
[17:26:46.741] Response has been sent.
[17:26:46.741] Installing typings ["#types","@ember/owner","@vitest/utils","ember-vitest"]
[17:26:46.741] '#types':: '#types' is in missingTypingsSet - skipping...
[17:26:46.741] '@vitest/utils':: Entry for package 'vitest__utils' does not exist in local types registry - skipping...
[17:26:46.741] 'ember-vitest':: Entry for package 'ember-vitest' does not exist in local types registry - skipping...
[17:26:46.741] Npm config file: /Users/patrickpircher/Library/Caches/typescript/5.9/package.json
[17:26:46.741] Sending response:
    {
      "kind": "event::beginInstallTypes",
      "eventId": 1,
      "typingsInstallerVersion": "5.9.3",
      "projectName": "/dev/null/inferredProject1*"
    }
[17:26:46.741] Response has been sent.
[17:26:46.741] #1 with cwd: /Users/patrickpircher/Library/Caches/typescript/5.9 arguments: ["@types/ember__owner@ts5.9"]
[17:26:46.742] Exec: /Users/patrickpircher/Library/pnpm/nodejs/24.11.1/bin/npm install --ignore-scripts @types/ember__owner@ts5.9 --save-dev --user-agent="typesInstaller/5.9.3"
[17:26:46.764]     Failed. stdout:
    stderr:
    /bin/sh: /Users/patrickpircher/Library/pnpm/nodejs/24.11.1/bin/npm: No such file or directory
    
[17:26:46.764] npm install #1 took: 22 ms
[17:26:46.764] install request failed, marking packages as missing to prevent repeated requests: ["ember__owner"]
[17:26:46.764] Sending response:
    {
      "kind": "event::endInstallTypes",
      "eventId": 1,
      "projectName": "/dev/null/inferredProject1*",
      "packagesToInstall": [
        "@types/ember__owner@ts5.9"
      ],
      "installSuccess": false,
      "typingsInstallerVersion": "5.9.3"
    }
[17:26:46.764] Response has been sent.
[17:27:27.087] Got install request
    {
      "projectName": "/dev/null/inferredProject1*",
      "fileNames": [
        "/Users/patrickpircher/IdeaProjects/ink/ember/node_modules/.pnpm/typescript@5.9.3/node_modules/typescript/lib/lib.d.ts",
        "/Users/patrickpircher/IdeaProjects/ink/ember/node_modules/.pnpm/typescript@5.9.3/node_modules/typescript/lib/lib.es5.d.ts",
        "/Users/patrickpircher/IdeaProjects/ink/ember/node_modules/.pnpm/typescript@5.9.3/node_modules/typescript/lib/lib.dom.d.ts",
        "/Users/patrickpircher/IdeaProjects/ink/ember/node_modules/.pnpm/typescript@5.9.3/node_modules/typescript/lib/lib.webworker.importscripts.d.ts",
        "/Users/patrickpircher/IdeaProjects/ink/ember/node_modules/.pnpm/typescript@5.9.3/node_modules/typescript/lib/lib.scripthost.d.ts",
        "/Users/patrickpircher/IdeaProjects/ink/ember/node_modules/.pnpm/typescript@5.9.3/node_modules/typescript/lib/lib.decorators.d.ts",
        "/Users/patrickpircher/IdeaProjects/ink/ember/node_modules/.pnpm/typescript@5.9.3/node_modules/typescript/lib/lib.decorators.legacy.d.ts",
        "/Users/patrickpircher/IdeaProjects/ink/ember/ember-console-demo/tests/basic-test.gts"
      ],
      "compilerOptions": {
        "file": "./ts-server.log",
        "sourceMap": true,
        "level": "verbose",
        "isolatedModules": true,
        "logToFile": true,
        "jsx": 2,
        "outDir": "build",
        "allowNonTsExtensions": true,
        "noEmitForJsFiles": true
      },
      "typeAcquisition": {
        "enable": true,
        "include": [],
        "exclude": []
      },
      "unresolvedImports": [
        "#types",
        "@ember/owner",
        "@vitest/utils",
        "ember-vitest"
      ],
      "projectRootPath": "/Users/patrickpircher/IdeaProjects/ink/ember/ember-console-demo/tests",
      "kind": "discover"
    }
[17:27:27.090] Explicitly included types: []
[17:27:27.090] Inferred typings from unresolved imports: ["#types","@ember/owner","@vitest/utils","ember-vitest"]
[17:27:27.090] Finished typings discovery:
    {
      "cachedTypingPaths": [],
      "newTypingNames": [
        "#types",
        "@ember/owner",
        "@vitest/utils",
        "ember-vitest"
      ],
      "filesToWatch": [
        "/Users/patrickpircher/IdeaProjects/ink/ember/ember-console-demo/tests/bower_components",
        "/Users/patrickpircher/IdeaProjects/ink/ember/ember-console-demo/tests/node_modules"
      ]
    }
[17:27:27.090] Sending response:
    {
      "kind": "action::watchTypingLocations",
      "projectName": "/dev/null/inferredProject1*"
    }
[17:27:27.090] Response has been sent.
[17:27:27.090] Installing typings ["#types","@ember/owner","@vitest/utils","ember-vitest"]
[17:27:27.090] '#types':: '#types' is in missingTypingsSet - skipping...
[17:27:27.090] '@ember/owner':: 'ember__owner' is in missingTypingsSet - skipping...
[17:27:27.090] '@vitest/utils':: Entry for package 'vitest__utils' does not exist in local types registry - skipping...
[17:27:27.091] 'ember-vitest':: Entry for package 'ember-vitest' does not exist in local types registry - skipping...
[17:27:27.091] All typings are known to be missing or invalid - no need to install more typings
[17:27:27.091] Sending response:
    {
      "projectName": "/dev/null/inferredProject1*",
      "typeAcquisition": {
        "enable": true,
        "include": [],
        "exclude": []
      },
      "compilerOptions": {
        "file": "./ts-server.log",
        "sourceMap": true,
        "level": "verbose",
        "isolatedModules": true,
        "logToFile": true,
        "jsx": 2,
        "outDir": "build",
        "allowNonTsExtensions": true,
        "noEmitForJsFiles": true
      },
      "typings": [],
      "unresolvedImports": [
        "#types",
        "@ember/owner",
        "@vitest/utils",
        "ember-vitest"
      ],
      "kind": "action::set"
    }
[17:27:27.091] Response has been sent.
[17:27:27.091] Got install request
    {
      "projectName": "/dev/null/inferredProject41*",
      "fileNames": [
        "/Users/patrickpircher/IdeaProjects/ink/ember/node_modules/.pnpm/typescript@5.9.3/node_modules/typescript/lib/lib.d.ts",
        "/Users/patrickpircher/IdeaProjects/ink/ember/node_modules/.pnpm/typescript@5.9.3/node_modules/typescript/lib/lib.es5.d.ts",
        "/Users/patrickpircher/IdeaProjects/ink/ember/node_modules/.pnpm/typescript@5.9.3/node_modules/typescript/lib/lib.dom.d.ts",
        "/Users/patrickpircher/IdeaProjects/ink/ember/node_modules/.pnpm/typescript@5.9.3/node_modules/typescript/lib/lib.webworker.importscripts.d.ts",
        "/Users/patrickpircher/IdeaProjects/ink/ember/node_modules/.pnpm/typescript@5.9.3/node_modules/typescript/lib/lib.scripthost.d.ts",
        "/Users/patrickpircher/IdeaProjects/ink/ember/node_modules/.pnpm/typescript@5.9.3/node_modules/typescript/lib/lib.decorators.d.ts",
        "/Users/patrickpircher/IdeaProjects/ink/ember/node_modules/.pnpm/typescript@5.9.3/node_modules/typescript/lib/lib.decorators.legacy.d.ts",
        "/Users/patrickpircher/IdeaProjects/ink/ember/node_modules/.pnpm/pathe@2.0.3/node_modules/pathe/dist/index.d.ts"
      ],
      "compilerOptions": {
        "file": "./ts-server.log",
        "sourceMap": true,
        "level": "verbose",
        "isolatedModules": true,
        "logToFile": true,
        "jsx": 2,
        "outDir": "build",
        "allowNonTsExtensions": true,
        "noEmitForJsFiles": true
      },
      "typeAcquisition": {
        "enable": true,
        "include": [],
        "exclude": []
      },
      "unresolvedImports": [
        "glob"
      ],
      "projectRootPath": "/Users/patrickpircher/IdeaProjects/ink/ember/node_modules/.pnpm/pathe@2.0.3/node_modules/pathe/dist",
      "kind": "discover"
    }
[17:27:27.091] Explicitly included types: []
[17:27:27.091] Inferred typings from unresolved imports: ["glob"]
[17:27:27.091] Finished typings discovery:
    {
      "cachedTypingPaths": [],
      "newTypingNames": [
        "glob"
      ],
      "filesToWatch": [
        "/Users/patrickpircher/IdeaProjects/ink/ember/node_modules/.pnpm/pathe@2.0.3/node_modules/pathe/dist/bower_components",
        "/Users/patrickpircher/IdeaProjects/ink/ember/node_modules/.pnpm/pathe@2.0.3/node_modules/pathe/dist/node_modules"
      ]
    }
[17:27:27.091] Sending response:
    {
      "kind": "action::watchTypingLocations",
      "projectName": "/dev/null/inferredProject41*"
    }
[17:27:27.091] Response has been sent.
[17:27:27.091] Installing typings ["glob"]
[17:27:27.091] 'glob':: Entry for package 'glob' does not exist in local types registry - skipping...
[17:27:27.091] All typings are known to be missing or invalid - no need to install more typings
[17:27:27.091] Sending response:
    {
      "projectName": "/dev/null/inferredProject41*",
      "typeAcquisition": {
        "enable": true,
        "include": [],
        "exclude": []
      },
      "compilerOptions": {
        "file": "./ts-server.log",
        "sourceMap": true,
        "level": "verbose",
        "isolatedModules": true,
        "logToFile": true,
        "jsx": 2,
        "outDir": "build",
        "allowNonTsExtensions": true,
        "noEmitForJsFiles": true
      },
      "typings": [],
      "unresolvedImports": [
        "glob"
      ],
      "kind": "action::set"
    }
[17:27:27.092] Response has been sent.
[17:27:27.187] Got install request
    {
      "projectName": "/dev/null/inferredProject45*",
      "fileNames": [
        "/Users/patrickpircher/IdeaProjects/ink/ember/node_modules/.pnpm/typescript@5.9.3/node_modules/typescript/lib/lib.d.ts",
        "/Users/patrickpircher/IdeaProjects/ink/ember/node_modules/.pnpm/typescript@5.9.3/node_modules/typescript/lib/lib.es5.d.ts",
        "/Users/patrickpircher/IdeaProjects/ink/ember/node_modules/.pnpm/typescript@5.9.3/node_modules/typescript/lib/lib.dom.d.ts",
        "/Users/patrickpircher/IdeaProjects/ink/ember/node_modules/.pnpm/typescript@5.9.3/node_modules/typescript/lib/lib.webworker.importscripts.d.ts",
        "/Users/patrickpircher/IdeaProjects/ink/ember/node_modules/.pnpm/typescript@5.9.3/node_modules/typescript/lib/lib.scripthost.d.ts",
        "/Users/patrickpircher/IdeaProjects/ink/ember/node_modules/.pnpm/typescript@5.9.3/node_modules/typescript/lib/lib.decorators.d.ts",
        "/Users/patrickpircher/IdeaProjects/ink/ember/node_modules/.pnpm/typescript@5.9.3/node_modules/typescript/lib/lib.decorators.legacy.d.ts",
        "/Users/patrickpircher/IdeaProjects/ink/ember/node_modules/.pnpm/pathe@2.0.3/node_modules/pathe/dist/index.d.mts"
      ],
      "compilerOptions": {
        "file": "./ts-server.log",
        "sourceMap": true,
        "level": "verbose",
        "isolatedModules": true,
        "logToFile": true,
        "jsx": 2,
        "outDir": "build",
        "allowNonTsExtensions": true,
        "noEmitForJsFiles": true
      },
      "typeAcquisition": {
        "enable": true,
        "include": [],
        "exclude": []
      },
      "unresolvedImports": [
        "glob"
      ],
      "projectRootPath": "/Users/patrickpircher/IdeaProjects/ink/ember/node_modules/.pnpm/pathe@2.0.3/node_modules/pathe/dist",
      "kind": "discover"
    }
[17:27:27.188] Explicitly included types: []
[17:27:27.188] Inferred typings from unresolved imports: ["glob"]
[17:27:27.188] Finished typings discovery:
    {
      "cachedTypingPaths": [],
      "newTypingNames": [
        "glob"
      ],
      "filesToWatch": [
        "/Users/patrickpircher/IdeaProjects/ink/ember/node_modules/.pnpm/pathe@2.0.3/node_modules/pathe/dist/bower_components",
        "/Users/patrickpircher/IdeaProjects/ink/ember/node_modules/.pnpm/pathe@2.0.3/node_modules/pathe/dist/node_modules"
      ]
    }
[17:27:27.188] Sending response:
    {
      "kind": "action::watchTypingLocations",
      "projectName": "/dev/null/inferredProject45*"
    }
[17:27:27.188] Response has been sent.
[17:27:27.188] Installing typings ["glob"]
[17:27:27.189] 'glob':: Entry for package 'glob' does not exist in local types registry - skipping...
[17:27:27.189] All typings are known to be missing or invalid - no need to install more typings
[17:27:27.189] Sending response:
    {
      "projectName": "/dev/null/inferredProject45*",
      "typeAcquisition": {
        "enable": true,
        "include": [],
        "exclude": []
      },
      "compilerOptions": {
        "file": "./ts-server.log",
        "sourceMap": true,
        "level": "verbose",
        "isolatedModules": true,
        "logToFile": true,
        "jsx": 2,
        "outDir": "build",
        "allowNonTsExtensions": true,
        "noEmitForJsFiles": true
      },
      "typings": [],
      "unresolvedImports": [
        "glob"
      ],
      "kind": "action::set"
    }
[17:27:27.189] Response has been sent.
[17:42:31.193] Got install request
    {
      "projectName": "/dev/null/inferredProject1*",
      "fileNames": [
        "/Users/patrickpircher/IdeaProjects/ink/ember/node_modules/.pnpm/typescript@5.9.3/node_modules/typescript/lib/lib.d.ts",
        "/Users/patrickpircher/IdeaProjects/ink/ember/node_modules/.pnpm/typescript@5.9.3/node_modules/typescript/lib/lib.es5.d.ts",
        "/Users/patrickpircher/IdeaProjects/ink/ember/node_modules/.pnpm/typescript@5.9.3/node_modules/typescript/lib/lib.dom.d.ts",
        "/Users/patrickpircher/IdeaProjects/ink/ember/node_modules/.pnpm/typescript@5.9.3/node_modules/typescript/lib/lib.webworker.importscripts.d.ts",
        "/Users/patrickpircher/IdeaProjects/ink/ember/node_modules/.pnpm/typescript@5.9.3/node_modules/typescript/lib/lib.scripthost.d.ts",
        "/Users/patrickpircher/IdeaProjects/ink/ember/node_modules/.pnpm/typescript@5.9.3/node_modules/typescript/lib/lib.decorators.d.ts",
        "/Users/patrickpircher/IdeaProjects/ink/ember/node_modules/.pnpm/typescript@5.9.3/node_modules/typescript/lib/lib.decorators.legacy.d.ts",
        "/Users/patrickpircher/IdeaProjects/ink/ember/ember-console-demo/tests/basic-test.gts"
      ],
      "compilerOptions": {
        "file": "./ts-server.log",
        "sourceMap": true,
        "level": "verbose",
        "isolatedModules": true,
        "logToFile": true,
        "jsx": 2,
        "outDir": "build",
        "allowNonTsExtensions": true,
        "noEmitForJsFiles": true
      },
      "typeAcquisition": {
        "enable": true,
        "include": [],
        "exclude": []
      },
      "unresolvedImports": [
        "#types",
        "@vitest/utils",
        "ember-console",
        "ember-vitest"
      ],
      "projectRootPath": "/Users/patrickpircher/IdeaProjects/ink/ember/ember-console-demo/tests",
      "kind": "discover"
    }
[17:42:31.194] Explicitly included types: []
[17:42:31.194] Inferred typings from unresolved imports: ["#types","@vitest/utils","ember-console","ember-vitest"]
[17:42:31.194] Finished typings discovery:
    {
      "cachedTypingPaths": [],
      "newTypingNames": [
        "#types",
        "@vitest/utils",
        "ember-console",
        "ember-vitest"
      ],
      "filesToWatch": [
        "/Users/patrickpircher/IdeaProjects/ink/ember/ember-console-demo/tests/bower_components",
        "/Users/patrickpircher/IdeaProjects/ink/ember/ember-console-demo/tests/node_modules"
      ]
    }
[17:42:31.194] Sending response:
    {
      "kind": "action::watchTypingLocations",
      "projectName": "/dev/null/inferredProject1*"
    }
[17:42:31.194] Response has been sent.
[17:42:31.194] Installing typings ["#types","@vitest/utils","ember-console","ember-vitest"]
[17:42:31.194] '#types':: '#types' is in missingTypingsSet - skipping...
[17:42:31.194] '@vitest/utils':: Entry for package 'vitest__utils' does not exist in local types registry - skipping...
[17:42:31.194] 'ember-console':: Entry for package 'ember-console' does not exist in local types registry - skipping...
[17:42:31.195] 'ember-vitest':: Entry for package 'ember-vitest' does not exist in local types registry - skipping...
[17:42:31.195] All typings are known to be missing or invalid - no need to install more typings
[17:42:31.195] Sending response:
    {
      "projectName": "/dev/null/inferredProject1*",
      "typeAcquisition": {
        "enable": true,
        "include": [],
        "exclude": []
      },
      "compilerOptions": {
        "file": "./ts-server.log",
        "sourceMap": true,
        "level": "verbose",
        "isolatedModules": true,
        "logToFile": true,
        "jsx": 2,
        "outDir": "build",
        "allowNonTsExtensions": true,
        "noEmitForJsFiles": true
      },
      "typings": [],
      "unresolvedImports": [
        "#types",
        "@vitest/utils",
        "ember-console",
        "ember-vitest"
      ],
      "kind": "action::set"
    }
[17:42:31.195] Response has been sent.
[17:44:20.869] Got install request
    {
      "projectName": "/dev/null/inferredProject1*",
      "fileNames": [
        "/Users/patrickpircher/IdeaProjects/ink/ember/node_modules/.pnpm/typescript@5.9.3/node_modules/typescript/lib/lib.d.ts",
        "/Users/patrickpircher/IdeaProjects/ink/ember/node_modules/.pnpm/typescript@5.9.3/node_modules/typescript/lib/lib.es5.d.ts",
        "/Users/patrickpircher/IdeaProjects/ink/ember/node_modules/.pnpm/typescript@5.9.3/node_modules/typescript/lib/lib.dom.d.ts",
        "/Users/patrickpircher/IdeaProjects/ink/ember/node_modules/.pnpm/typescript@5.9.3/node_modules/typescript/lib/lib.webworker.importscripts.d.ts",
        "/Users/patrickpircher/IdeaProjects/ink/ember/node_modules/.pnpm/typescript@5.9.3/node_modules/typescript/lib/lib.scripthost.d.ts",
        "/Users/patrickpircher/IdeaProjects/ink/ember/node_modules/.pnpm/typescript@5.9.3/node_modules/typescript/lib/lib.decorators.d.ts",
        "/Users/patrickpircher/IdeaProjects/ink/ember/node_modules/.pnpm/typescript@5.9.3/node_modules/typescript/lib/lib.decorators.legacy.d.ts",
        "/Users/patrickpircher/IdeaProjects/ink/ember/ember-console-demo/tests/basic-test.gts"
      ],
      "compilerOptions": {
        "file": "./ts-server.log",
        "sourceMap": true,
        "level": "verbose",
        "isolatedModules": true,
        "logToFile": true,
        "jsx": 2,
        "outDir": "build",
        "allowNonTsExtensions": true,
        "noEmitForJsFiles": true
      },
      "typeAcquisition": {
        "enable": true,
        "include": [],
        "exclude": []
      },
      "unresolvedImports": [
        "#types",
        "@vitest/utils",
        "ember-console",
        "ember-vitest"
      ],
      "projectRootPath": "/Users/patrickpircher/IdeaProjects/ink/ember/ember-console-demo/tests",
      "kind": "discover"
    }
[17:44:20.869] Explicitly included types: []
[17:44:20.869] Inferred typings from unresolved imports: ["#types","@vitest/utils","ember-console","ember-vitest"]
[17:44:20.870] Finished typings discovery:
    {
      "cachedTypingPaths": [],
      "newTypingNames": [
        "#types",
        "@vitest/utils",
        "ember-console",
        "ember-vitest"
      ],
      "filesToWatch": [
        "/Users/patrickpircher/IdeaProjects/ink/ember/ember-console-demo/tests/bower_components",
        "/Users/patrickpircher/IdeaProjects/ink/ember/ember-console-demo/tests/node_modules"
      ]
    }
[17:44:20.870] Sending response:
    {
      "kind": "action::watchTypingLocations",
      "projectName": "/dev/null/inferredProject1*"
    }
[17:44:20.870] Response has been sent.
[17:44:20.870] Installing typings ["#types","@vitest/utils","ember-console","ember-vitest"]
[17:44:20.870] '#types':: '#types' is in missingTypingsSet - skipping...
[17:44:20.870] '@vitest/utils':: Entry for package 'vitest__utils' does not exist in local types registry - skipping...
[17:44:20.870] 'ember-console':: Entry for package 'ember-console' does not exist in local types registry - skipping...
[17:44:20.870] 'ember-vitest':: Entry for package 'ember-vitest' does not exist in local types registry - skipping...
[17:44:20.870] All typings are known to be missing or invalid - no need to install more typings
[17:44:20.870] Sending response:
    {
      "projectName": "/dev/null/inferredProject1*",
      "typeAcquisition": {
        "enable": true,
        "include": [],
        "exclude": []
      },
      "compilerOptions": {
        "file": "./ts-server.log",
        "sourceMap": true,
        "level": "verbose",
        "isolatedModules": true,
        "logToFile": true,
        "jsx": 2,
        "outDir": "build",
        "allowNonTsExtensions": true,
        "noEmitForJsFiles": true
      },
      "typings": [],
      "unresolvedImports": [
        "#types",
        "@vitest/utils",
        "ember-console",
        "ember-vitest"
      ],
      "kind": "action::set"
    }
[17:44:20.870] Response has been sent.
[17:44:20.870] Got install request
    {
      "projectName": "/dev/null/inferredProject45*",
      "fileNames": [
        "/Users/patrickpircher/IdeaProjects/ink/ember/node_modules/.pnpm/typescript@5.9.3/node_modules/typescript/lib/lib.d.ts",
        "/Users/patrickpircher/IdeaProjects/ink/ember/node_modules/.pnpm/typescript@5.9.3/node_modules/typescript/lib/lib.es5.d.ts",
        "/Users/patrickpircher/IdeaProjects/ink/ember/node_modules/.pnpm/typescript@5.9.3/node_modules/typescript/lib/lib.dom.d.ts",
        "/Users/patrickpircher/IdeaProjects/ink/ember/node_modules/.pnpm/typescript@5.9.3/node_modules/typescript/lib/lib.webworker.importscripts.d.ts",
        "/Users/patrickpircher/IdeaProjects/ink/ember/node_modules/.pnpm/typescript@5.9.3/node_modules/typescript/lib/lib.scripthost.d.ts",
        "/Users/patrickpircher/IdeaProjects/ink/ember/node_modules/.pnpm/typescript@5.9.3/node_modules/typescript/lib/lib.decorators.d.ts",
        "/Users/patrickpircher/IdeaProjects/ink/ember/node_modules/.pnpm/typescript@5.9.3/node_modules/typescript/lib/lib.decorators.legacy.d.ts",
        "/Users/patrickpircher/IdeaProjects/ink/ember/node_modules/.pnpm/pathe@2.0.3/node_modules/pathe/dist/index.d.mts"
      ],
      "compilerOptions": {
        "file": "./ts-server.log",
        "sourceMap": true,
        "level": "verbose",
        "isolatedModules": true,
        "logToFile": true,
        "jsx": 2,
        "outDir": "build",
        "allowNonTsExtensions": true,
        "noEmitForJsFiles": true
      },
      "typeAcquisition": {
        "enable": true,
        "include": [],
        "exclude": []
      },
      "unresolvedImports": [
        "glob"
      ],
      "projectRootPath": "/Users/patrickpircher/IdeaProjects/ink/ember/node_modules/.pnpm/pathe@2.0.3/node_modules/pathe/dist",
      "kind": "discover"
    }
[17:44:20.870] Explicitly included types: []
[17:44:20.870] Inferred typings from unresolved imports: ["glob"]
[17:44:20.870] Finished typings discovery:
    {
      "cachedTypingPaths": [],
      "newTypingNames": [
        "glob"
      ],
      "filesToWatch": [
        "/Users/patrickpircher/IdeaProjects/ink/ember/node_modules/.pnpm/pathe@2.0.3/node_modules/pathe/dist/bower_components",
        "/Users/patrickpircher/IdeaProjects/ink/ember/node_modules/.pnpm/pathe@2.0.3/node_modules/pathe/dist/node_modules"
      ]
    }
[17:44:20.870] Sending response:
    {
      "kind": "action::watchTypingLocations",
      "projectName": "/dev/null/inferredProject45*"
    }
[17:44:20.870] Response has been sent.
[17:44:20.870] Installing typings ["glob"]
[17:44:20.871] 'glob':: Entry for package 'glob' does not exist in local types registry - skipping...
[17:44:20.871] All typings are known to be missing or invalid - no need to install more typings
[17:44:20.871] Sending response:
    {
      "projectName": "/dev/null/inferredProject45*",
      "typeAcquisition": {
        "enable": true,
        "include": [],
        "exclude": []
      },
      "compilerOptions": {
        "file": "./ts-server.log",
        "sourceMap": true,
        "level": "verbose",
        "isolatedModules": true,
        "logToFile": true,
        "jsx": 2,
        "outDir": "build",
        "allowNonTsExtensions": true,
        "noEmitForJsFiles": true
      },
      "typings": [],
      "unresolvedImports": [
        "glob"
      ],
      "kind": "action::set"
    }
[17:44:20.871] Response has been sent.
[17:44:20.871] Got install request
    {
      "projectName": "/dev/null/inferredProject41*",
      "fileNames": [
        "/Users/patrickpircher/IdeaProjects/ink/ember/node_modules/.pnpm/typescript@5.9.3/node_modules/typescript/lib/lib.d.ts",
        "/Users/patrickpircher/IdeaProjects/ink/ember/node_modules/.pnpm/typescript@5.9.3/node_modules/typescript/lib/lib.es5.d.ts",
        "/Users/patrickpircher/IdeaProjects/ink/ember/node_modules/.pnpm/typescript@5.9.3/node_modules/typescript/lib/lib.dom.d.ts",
        "/Users/patrickpircher/IdeaProjects/ink/ember/node_modules/.pnpm/typescript@5.9.3/node_modules/typescript/lib/lib.webworker.importscripts.d.ts",
        "/Users/patrickpircher/IdeaProjects/ink/ember/node_modules/.pnpm/typescript@5.9.3/node_modules/typescript/lib/lib.scripthost.d.ts",
        "/Users/patrickpircher/IdeaProjects/ink/ember/node_modules/.pnpm/typescript@5.9.3/node_modules/typescript/lib/lib.decorators.d.ts",
        "/Users/patrickpircher/IdeaProjects/ink/ember/node_modules/.pnpm/typescript@5.9.3/node_modules/typescript/lib/lib.decorators.legacy.d.ts",
        "/Users/patrickpircher/IdeaProjects/ink/ember/node_modules/.pnpm/pathe@2.0.3/node_modules/pathe/dist/index.d.ts"
      ],
      "compilerOptions": {
        "file": "./ts-server.log",
        "sourceMap": true,
        "level": "verbose",
        "isolatedModules": true,
        "logToFile": true,
        "jsx": 2,
        "outDir": "build",
        "allowNonTsExtensions": true,
        "noEmitForJsFiles": true
      },
      "typeAcquisition": {
        "enable": true,
        "include": [],
        "exclude": []
      },
      "unresolvedImports": [
        "glob"
      ],
      "projectRootPath": "/Users/patrickpircher/IdeaProjects/ink/ember/node_modules/.pnpm/pathe@2.0.3/node_modules/pathe/dist",
      "kind": "discover"
    }
[17:44:20.871] Explicitly included types: []
[17:44:20.871] Inferred typings from unresolved imports: ["glob"]
[17:44:20.871] Finished typings discovery:
    {
      "cachedTypingPaths": [],
      "newTypingNames": [
        "glob"
      ],
      "filesToWatch": [
        "/Users/patrickpircher/IdeaProjects/ink/ember/node_modules/.pnpm/pathe@2.0.3/node_modules/pathe/dist/bower_components",
        "/Users/patrickpircher/IdeaProjects/ink/ember/node_modules/.pnpm/pathe@2.0.3/node_modules/pathe/dist/node_modules"
      ]
    }
[17:44:20.871] Sending response:
    {
      "kind": "action::watchTypingLocations",
      "projectName": "/dev/null/inferredProject41*"
    }
[17:44:20.871] Response has been sent.
[17:44:20.871] Installing typings ["glob"]
[17:44:20.871] 'glob':: Entry for package 'glob' does not exist in local types registry - skipping...
[17:44:20.871] All typings are known to be missing or invalid - no need to install more typings
[17:44:20.871] Sending response:
    {
      "projectName": "/dev/null/inferredProject41*",
      "typeAcquisition": {
        "enable": true,
        "include": [],
        "exclude": []
      },
      "compilerOptions": {
        "file": "./ts-server.log",
        "sourceMap": true,
        "level": "verbose",
        "isolatedModules": true,
        "logToFile": true,
        "jsx": 2,
        "outDir": "build",
        "allowNonTsExtensions": true,
        "noEmitForJsFiles": true
      },
      "typings": [],
      "unresolvedImports": [
        "glob"
      ],
      "kind": "action::set"
    }
[17:44:20.871] Response has been sent.
[17:44:47.897] Got install request
    {
      "projectName": "/dev/null/inferredProject48*",
      "fileNames": [
        "/Users/patrickpircher/IdeaProjects/ink/ember/ember-console-demo/node_modules/typescript/lib/lib.webworker.importscripts.d.ts"
      ],
      "compilerOptions": {
        "file": "./ts-server.log",
        "sourceMap": true,
        "level": "verbose",
        "isolatedModules": true,
        "logToFile": true,
        "jsx": 2,
        "outDir": "build",
        "allowNonTsExtensions": true,
        "noEmitForJsFiles": true
      },
      "typeAcquisition": {
        "enable": true,
        "include": [],
        "exclude": []
      },
      "unresolvedImports": [],
      "projectRootPath": "/Users/patrickpircher/IdeaProjects/ink/ember/ember-console-demo/node_modules/typescript/lib",
      "kind": "discover"
    }
[17:44:47.897] Explicitly included types: []
[17:44:47.897] Inferred typings from unresolved imports: []
[17:44:47.897] Finished typings discovery:
    {
      "cachedTypingPaths": [],
      "newTypingNames": [],
      "filesToWatch": [
        "/Users/patrickpircher/IdeaProjects/ink/ember/ember-console-demo/node_modules/typescript/lib/bower_components",
        "/Users/patrickpircher/IdeaProjects/ink/ember/ember-console-demo/node_modules/typescript/lib/node_modules"
      ]
    }
[17:44:47.898] Sending response:
    {
      "kind": "action::watchTypingLocations",
      "projectName": "/dev/null/inferredProject48*",
      "files": [
        "/Users/patrickpircher/IdeaProjects/ink/ember/ember-console-demo/node_modules/typescript/lib/bower_components",
        "/Users/patrickpircher/IdeaProjects/ink/ember/ember-console-demo/node_modules/typescript/lib/node_modules"
      ]
    }
[17:44:47.898] Response has been sent.
[17:44:47.898] Sending response:
    {
      "projectName": "/dev/null/inferredProject48*",
      "typeAcquisition": {
        "enable": true,
        "include": [],
        "exclude": []
      },
      "compilerOptions": {
        "file": "./ts-server.log",
        "sourceMap": true,
        "level": "verbose",
        "isolatedModules": true,
        "logToFile": true,
        "jsx": 2,
        "outDir": "build",
        "allowNonTsExtensions": true,
        "noEmitForJsFiles": true
      },
      "typings": [],
      "unresolvedImports": [],
      "kind": "action::set"
    }
[17:44:47.898] Response has been sent.
[17:44:47.898] No new typings were requested as a result of typings discovery
[17:45:26.082] Closing file watchers for project '/dev/null/inferredProject45*'
[17:45:26.082] Sending response:
    {
      "kind": "action::watchTypingLocations",
      "projectName": "/dev/null/inferredProject45*",
      "files": []
    }
[17:45:26.082] Response has been sent.
[17:45:26.082] Closing file watchers for project '/dev/null/inferredProject45*' - done.
[17:45:26.088] Closing file watchers for project '/dev/null/inferredProject41*'
[17:45:26.088] Sending response:
    {
      "kind": "action::watchTypingLocations",
      "projectName": "/dev/null/inferredProject41*",
      "files": []
    }
[17:45:26.088] Response has been sent.
[17:45:26.089] Closing file watchers for project '/dev/null/inferredProject41*' - done.
