[18:00:30.678] Global cache location '/Users/patrickpircher/Library/Caches/typescript/5.9', safe file path '/users/patrickpircher/ideaprojects/ink/ember/node_modules/.pnpm/typescript@5.9.3/node_modules/typescript/lib/typingsafelist.json', types map path /users/patrickpircher/ideaprojects/ink/ember/node_modules/.pnpm/typescript@5.9.3/node_modules/typescript/lib/typesmap.json
[18:00:30.680] Processing cache location '/Users/patrickpircher/Library/Caches/typescript/5.9'
[18:00:30.680] Trying to find '/Users/patrickpircher/Library/Caches/typescript/5.9/package.json'...
[18:00:30.681] Loaded content of '/Users/patrickpircher/Library/Caches/typescript/5.9/package.json':
    {
      "private": true,
      "dependencies": {
        "types-registry": "^0.1.746"
      },
      "devDependencies": {
        "@types/brace-expansion": "^1.1.2",
        "@types/cors": "^2.8.19",
        "@types/express": "^5.0.5",
        "@types/react": "^19.1.10"
      }
    }
[18:00:30.681] Loaded content of '/Users/patrickpircher/Library/Caches/typescript/5.9/package-lock.json':
    {
      "name": "5.9",
      "lockfileVersion": 3,
      "requires": true,
      "packages": {
        "": {
          "dependencies": {
            "types-registry": "^0.1.746"
          },
          "devDependencies": {
            "@types/brace-expansion": "^1.1.2",
            "@types/cors": "^2.8.19",
            "@types/express": "^5.0.5",
            "@types/react": "^19.1.10"
          }
        },
        "node_modules/@types/body-parser": {
          "version": "1.19.6",
          "resolved": "https://registry.npmjs.org/@types/body-parser/-/body-parser-1.19.6.tgz",
          "integrity": "sha512-HLFeCYgz89uk22N5Qg3dvGvsv46B8GLvKKo1zKG4NybA8U2DiEO3w9lqGg29t/tfLRJpJ6iQxnVw4OnB7MoM9g==",
          "dev": true,
          "license": "MIT",
          "dependencies": {
            "@types/connect": "*",
            "@types/node": "*"
          }
        },
        "node_modules/@types/brace-expansion": {
          "version": "1.1.2",
          "resolved": "https://na.artifactory.swg-devops.com/artifactory/api/npm/hyc-wca-team-npm-virtual/@types/brace-expansion/-/brace-expansion-1.1.2.tgz?dl=https%3A%2F%2Fregistry.npmjs.org%2F%40types%2Fbrace-expansion%2F-%2Fbrace-expansion-1.1.2.tgz",
          "integrity": "sha512-+YDjlWHMm/zoiQSKhEhL/0HdfYxCVuGlP5tQLm5hoHtxGPAMqyHjGpLqm58YDw7vG+RafAahp7HKXeNIwBP3kQ==",
          "dev": true,
          "license": "MIT"
        },
        "node_modules/@types/connect": {
          "version": "3.4.38",
          "resolved": "https://registry.npmjs.org/@types/connect/-/connect-3.4.38.tgz",
          "integrity": "sha512-K6uROf1LD88uDQqJCktA4yzL1YYAK6NgfsI0v/mTgyPKWsX1CnJ0XPSDhViejru1GcRkLWb8RlzFYJRqGUbaug==",
          "dev": true,
          "license": "MIT",
          "dependencies": {
            "@types/node": "*"
          }
        },
        "node_modules/@types/cors": {
          "version": "2.8.19",
          "resolved": "https://registry.npmjs.org/@types/cors/-/cors-2.8.19.tgz",
          "integrity": "sha512-mFNylyeyqN93lfe/9CSxOGREz8cpzAhH+E93xJ4xWQf62V8sQ/24reV2nyzUWM6H6Xji+GGHpkbLe7pVoUEskg==",
          "dev": true,
          "license": "MIT",
          "dependencies": {
            "@types/node": "*"
          }
        },
        "node_modules/@types/express": {
          "version": "5.0.5",
          "resolved": "https://registry.npmjs.org/@types/express/-/express-5.0.5.tgz",
          "integrity": "sha512-LuIQOcb6UmnF7C1PCFmEU1u2hmiHL43fgFQX67sN3H4Z+0Yk0Neo++mFsBjhOAuLzvlQeqAAkeDOZrJs9rzumQ==",
          "dev": true,
          "license": "MIT",
          "dependencies": {
            "@types/body-parser": "*",
            "@types/express-serve-static-core": "^5.0.0",
            "@types/serve-static": "^1"
          }
        },
        "node_modules/@types/express-serve-static-core": {
          "version": "5.0.7",
          "resolved": "https://registry.npmjs.org/@types/express-serve-static-core/-/express-serve-static-core-5.0.7.tgz",
          "integrity": "sha512-R+33OsgWw7rOhD1emjU7dzCDHucJrgJXMA5PYCzJxVil0dsyx5iBEPHqpPfiKNJQb7lZ1vxwoLR4Z87bBUpeGQ==",
          "dev": true,
          "license": "MIT",
          "dependencies": {
            "@types/node": "*",
            "@types/qs": "*",
            "@types/range-parser": "*",
            "@types/send": "*"
          }
        },
        "node_modules/@types/http-errors": {
          "version": "2.0.5",
          "resolved": "https://registry.npmjs.org/@types/http-errors/-/http-errors-2.0.5.tgz",
          "integrity": "sha512-r8Tayk8HJnX0FztbZN7oVqGccWgw98T/0neJphO91KkmOzug1KkofZURD4UaD5uH8AqcFLfdPErnBod0u71/qg==",
          "dev": true,
          "license": "MIT"
        },
        "node_modules/@types/mime": {
          "version": "1.3.5",
          "resolved": "https://registry.npmjs.org/@types/mime/-/mime-1.3.5.tgz",
          "integrity": "sha512-/pyBZWSLD2n0dcHE3hq8s8ZvcETHtEuF+3E7XVt0Ig2nvsVQXdghHVcEkIWjy9A0wKfTn97a/PSDYohKIlnP/w==",
          "dev": true,
          "license": "MIT"
        },
        "node_modules/@types/node": {
          "version": "24.5.1",
          "resolved": "https://registry.npmjs.org/@types/node/-/node-24.5.1.tgz",
          "integrity": "sha512-/SQdmUP2xa+1rdx7VwB9yPq8PaKej8TD5cQ+XfKDPWWC+VDJU4rvVVagXqKUzhKjtFoNA8rXDJAkCxQPAe00+Q==",
          "dev": true,
          "license": "MIT",
          "dependencies": {
            "undici-types": "~7.12.0"
          }
        },
        "node_modules/@types/qs": {
          "version": "6.14.0",
          "resolved": "https://registry.npmjs.org/@types/qs/-/qs-6.14.0.tgz",
          "integrity": "sha512-eOunJqu0K1923aExK6y8p6fsihYEn/BYuQ4g0CxAAgFc4b/ZLN4CrsRZ55srTdqoiLzU2B2evC+apEIxprEzkQ==",
          "dev": true,
          "license": "MIT"
        },
        "node_modules/@types/range-parser": {
          "version": "1.2.7",
          "resolved": "https://registry.npmjs.org/@types/range-parser/-/range-parser-1.2.7.tgz",
          "integrity": "sha512-hKormJbkJqzQGhziax5PItDUTMAM9uE2XXQmM37dyd4hVM+5aVl7oVxMVUiVQn2oCQFN/LKCZdvSM0pFRqbSmQ==",
          "dev": true,
          "license": "MIT"
        },
        "node_modules/@types/react": {
          "version": "19.1.10",
          "resolved": "https://na.artifactory.swg-devops.com/artifactory/api/npm/hyc-wca-team-npm-virtual/@types/react/-/react-19.1.10.tgz?dl=https%3A%2F%2Fregistry.npmjs.org%2F%40types%2Freact%2F-%2Freact-19.1.10.tgz",
          "integrity": "sha512-EhBeSYX0Y6ye8pNebpKrwFJq7BoQ8J5SO6NlvNwwHjSj6adXJViPQrKlsyPw7hLBLvckEMO1yxeGdR82YBBlDg==",
          "dev": true,
          "license": "MIT",
          "dependencies": {
            "csstype": "^3.0.2"
          }
        },
        "node_modules/@types/send": {
          "version": "0.17.5",
          "resolved": "https://registry.npmjs.org/@types/send/-/send-0.17.5.tgz",
          "integrity": "sha512-z6F2D3cOStZvuk2SaP6YrwkNO65iTZcwA2ZkSABegdkAh/lf+Aa/YQndZVfmEXT5vgAp6zv06VQ3ejSVjAny4w==",
          "dev": true,
          "license": "MIT",
          "dependencies": {
            "@types/mime": "^1",
            "@types/node": "*"
          }
        },
        "node_modules/@types/serve-static": {
          "version": "1.15.8",
          "resolved": "https://registry.npmjs.org/@types/serve-static/-/serve-static-1.15.8.tgz",
          "integrity": "sha512-roei0UY3LhpOJvjbIP6ZZFngyLKl5dskOtDhxY5THRSpO+ZI+nzJ+m5yUMzGrp89YRa7lvknKkMYjqQFGwA7Sg==",
          "dev": true,
          "license": "MIT",
          "dependencies": {
            "@types/http-errors": "*",
            "@types/node": "*",
            "@types/send": "*"
          }
        },
        "node_modules/csstype": {
          "version": "3.1.3",
          "resolved": "https://na.artifactory.swg-devops.com/artifactory/api/npm/hyc-wca-team-npm-virtual/csstype/-/csstype-3.1.3.tgz?dl=https%3A%2F%2Fregistry.npmjs.org%2Fcsstype%2F-%2Fcsstype-3.1.3.tgz",
          "integrity": "sha512-M1uQkMl8rQK/szD0LNhtqxIPLpimGm8sOBwU7lLnCpSbTyY3yeU1Vc7l4KT5zT4s/yOxHH5O7tIuuLOCnLADRw==",
          "dev": true,
          "license": "MIT"
        },
        "node_modules/types-registry": {
          "version": "0.1.746",
          "resolved": "https://registry.npmjs.org/types-registry/-/types-registry-0.1.746.tgz",
          "integrity": "sha512-BfsXbxO0A6reBoUs77Lj7iw6BCR6Cfw37LO1C482paOsjMbBFDkq9HXYWOOPTz12xYALfP1P3k4ZVOvggA7yKA==",
          "license": "MIT"
        },
        "node_modules/undici-types": {
          "version": "7.12.0",
          "resolved": "https://registry.npmjs.org/undici-types/-/undici-types-7.12.0.tgz",
          "integrity": "sha512-goOacqME2GYyOZZfb5Lgtu+1IDmAlAEu5xnD3+xTzS10hT0vzpf0SPjkXwAw9Jm+4n/mQGDP3LO8CPbYROeBfQ==",
          "dev": true,
          "license": "MIT"
        }
      }
    }
[18:00:30.684] Adding entry into typings cache: 'brace-expansion' => '/Users/patrickpircher/Library/Caches/typescript/5.9/node_modules/@types/brace-expansion/index.d.ts'
[18:00:30.685] Adding entry into typings cache: 'cors' => '/Users/patrickpircher/Library/Caches/typescript/5.9/node_modules/@types/cors/index.d.ts'
[18:00:30.685] Adding entry into typings cache: 'express' => '/Users/patrickpircher/Library/Caches/typescript/5.9/node_modules/@types/express/index.d.ts'
[18:00:30.686] Adding entry into typings cache: 'react' => '/Users/patrickpircher/Library/Caches/typescript/5.9/node_modules/@types/react/index.d.ts'
[18:00:30.687] Finished processing cache location '/Users/patrickpircher/Library/Caches/typescript/5.9'
[18:00:30.687] Process id: 37319
[18:00:30.687] NPM location: /Users/patrickpircher/Library/pnpm/nodejs/24.11.1/bin/npm (explicit '--npmLocation' not  provided)
[18:00:30.687] validateDefaultNpmLocation: false
[18:00:30.687] Npm config file: /Users/patrickpircher/Library/Caches/typescript/5.9/package.json
[18:00:30.687] Updating types-registry npm package...
[18:00:30.687] Exec: /Users/patrickpircher/Library/pnpm/nodejs/24.11.1/bin/npm install --ignore-scripts types-registry@latest
[18:00:30.703]     Failed. stdout:
    stderr:
    /bin/sh: /Users/patrickpircher/Library/pnpm/nodejs/24.11.1/bin/npm: No such file or directory
    
[18:00:30.703] Updated types-registry npm package
[18:00:30.733] Got install request
    {
      "projectName": "/dev/null/inferredProject1*",
      "fileNames": [
        "/Users/patrickpircher/IdeaProjects/ink/ember/node_modules/.pnpm/typescript@5.9.3/node_modules/typescript/lib/lib.d.ts",
        "/Users/patrickpircher/IdeaProjects/ink/ember/node_modules/.pnpm/typescript@5.9.3/node_modules/typescript/lib/lib.es5.d.ts",
        "/Users/patrickpircher/IdeaProjects/ink/ember/node_modules/.pnpm/typescript@5.9.3/node_modules/typescript/lib/lib.dom.d.ts",
        "/Users/patrickpircher/IdeaProjects/ink/ember/node_modules/.pnpm/typescript@5.9.3/node_modules/typescript/lib/lib.webworker.importscripts.d.ts",
        "/Users/patrickpircher/IdeaProjects/ink/ember/node_modules/.pnpm/typescript@5.9.3/node_modules/typescript/lib/lib.scripthost.d.ts",
        "/Users/patrickpircher/IdeaProjects/ink/ember/node_modules/.pnpm/typescript@5.9.3/node_modules/typescript/lib/lib.decorators.d.ts",
        "/Users/patrickpircher/IdeaProjects/ink/ember/node_modules/.pnpm/typescript@5.9.3/node_modules/typescript/lib/lib.decorators.legacy.d.ts",
        "/Users/patrickpircher/IdeaProjects/ink/ember/ember-console-demo/tests/basic-test.gts"
      ],
      "compilerOptions": {
        "file": "./ts-server.log",
        "sourceMap": true,
        "level": "verbose",
        "isolatedModules": true,
        "logToFile": true,
        "jsx": 2,
        "outDir": "build",
        "allowNonTsExtensions": true,
        "noEmitForJsFiles": true
      },
      "typeAcquisition": {
        "enable": true,
        "include": [],
        "exclude": []
      },
      "unresolvedImports": [
        "#types",
        "@vitest/utils",
        "ember-vitest"
      ],
      "projectRootPath": "/Users/patrickpircher/IdeaProjects/ink/ember/ember-console-demo/tests",
      "kind": "discover"
    }
[18:00:30.742] Loaded safelist from types map file '/users/patrickpircher/ideaprojects/ink/ember/node_modules/.pnpm/typescript@5.9.3/node_modules/typescript/lib/typesmap.json'
[18:00:30.743] Explicitly included types: []
[18:00:30.743] Inferred typings from unresolved imports: ["#types","@vitest/utils","ember-vitest"]
[18:00:30.743] Finished typings discovery:
    {
      "cachedTypingPaths": [],
      "newTypingNames": [
        "#types",
        "@vitest/utils",
        "ember-vitest"
      ],
      "filesToWatch": [
        "/Users/patrickpircher/IdeaProjects/ink/ember/ember-console-demo/tests/bower_components",
        "/Users/patrickpircher/IdeaProjects/ink/ember/ember-console-demo/tests/node_modules"
      ]
    }
[18:00:30.743] Sending response:
    {
      "kind": "action::watchTypingLocations",
      "projectName": "/dev/null/inferredProject1*",
      "files": [
        "/Users/patrickpircher/IdeaProjects/ink/ember/ember-console-demo/tests/bower_components",
        "/Users/patrickpircher/IdeaProjects/ink/ember/ember-console-demo/tests/node_modules"
      ]
    }
[18:00:30.744] Response has been sent.
[18:00:30.744] Installing typings ["#types","@vitest/utils","ember-vitest"]
[18:00:30.744] '#types':: Package name '#types' contains non URI safe characters
[18:00:30.744] '@vitest/utils':: Entry for package 'vitest__utils' does not exist in local types registry - skipping...
[18:00:30.744] 'ember-vitest':: Entry for package 'ember-vitest' does not exist in local types registry - skipping...
[18:00:30.744] All typings are known to be missing or invalid - no need to install more typings
[18:00:30.744] Sending response:
    {
      "projectName": "/dev/null/inferredProject1*",
      "typeAcquisition": {
        "enable": true,
        "include": [],
        "exclude": []
      },
      "compilerOptions": {
        "file": "./ts-server.log",
        "sourceMap": true,
        "level": "verbose",
        "isolatedModules": true,
        "logToFile": true,
        "jsx": 2,
        "outDir": "build",
        "allowNonTsExtensions": true,
        "noEmitForJsFiles": true
      },
      "typings": [],
      "unresolvedImports": [
        "#types",
        "@vitest/utils",
        "ember-vitest"
      ],
      "kind": "action::set"
    }
[18:00:30.744] Response has been sent.
[18:01:26.782] Got install request
    {
      "projectName": "/dev/null/inferredProject2*",
      "fileNames": [
        "/Users/patrickpircher/IdeaProjects/ink/ember/ember-console-demo/node_modules/typescript/lib/lib.dom.d.ts"
      ],
      "compilerOptions": {
        "file": "./ts-server.log",
        "sourceMap": true,
        "level": "verbose",
        "isolatedModules": true,
        "logToFile": true,
        "jsx": 2,
        "outDir": "build",
        "allowNonTsExtensions": true,
        "noEmitForJsFiles": true
      },
      "typeAcquisition": {
        "enable": true,
        "include": [],
        "exclude": []
      },
      "unresolvedImports": [],
      "projectRootPath": "/Users/patrickpircher/IdeaProjects/ink/ember/ember-console-demo/node_modules/typescript/lib",
      "kind": "discover"
    }
[18:01:26.784] Explicitly included types: []
[18:01:26.784] Inferred typings from unresolved imports: []
[18:01:26.784] Finished typings discovery:
    {
      "cachedTypingPaths": [],
      "newTypingNames": [],
      "filesToWatch": [
        "/Users/patrickpircher/IdeaProjects/ink/ember/ember-console-demo/node_modules/typescript/lib/bower_components",
        "/Users/patrickpircher/IdeaProjects/ink/ember/ember-console-demo/node_modules/typescript/lib/node_modules"
      ]
    }
[18:01:26.784] Sending response:
    {
      "kind": "action::watchTypingLocations",
      "projectName": "/dev/null/inferredProject2*",
      "files": [
        "/Users/patrickpircher/IdeaProjects/ink/ember/ember-console-demo/node_modules/typescript/lib/bower_components",
        "/Users/patrickpircher/IdeaProjects/ink/ember/ember-console-demo/node_modules/typescript/lib/node_modules"
      ]
    }
[18:01:26.784] Response has been sent.
[18:01:26.784] Sending response:
    {
      "projectName": "/dev/null/inferredProject2*",
      "typeAcquisition": {
        "enable": true,
        "include": [],
        "exclude": []
      },
      "compilerOptions": {
        "file": "./ts-server.log",
        "sourceMap": true,
        "level": "verbose",
        "isolatedModules": true,
        "logToFile": true,
        "jsx": 2,
        "outDir": "build",
        "allowNonTsExtensions": true,
        "noEmitForJsFiles": true
      },
      "typings": [],
      "unresolvedImports": [],
      "kind": "action::set"
    }
[18:01:26.784] Response has been sent.
[18:01:26.784] No new typings were requested as a result of typings discovery
[18:04:51.014] Got install request
    {
      "projectName": "/dev/null/inferredProject1*",
      "fileNames": [
        "/Users/patrickpircher/IdeaProjects/ink/ember/node_modules/.pnpm/typescript@5.9.3/node_modules/typescript/lib/lib.d.ts",
        "/Users/patrickpircher/IdeaProjects/ink/ember/node_modules/.pnpm/typescript@5.9.3/node_modules/typescript/lib/lib.es5.d.ts",
        "/Users/patrickpircher/IdeaProjects/ink/ember/node_modules/.pnpm/typescript@5.9.3/node_modules/typescript/lib/lib.dom.d.ts",
        "/Users/patrickpircher/IdeaProjects/ink/ember/node_modules/.pnpm/typescript@5.9.3/node_modules/typescript/lib/lib.webworker.importscripts.d.ts",
        "/Users/patrickpircher/IdeaProjects/ink/ember/node_modules/.pnpm/typescript@5.9.3/node_modules/typescript/lib/lib.scripthost.d.ts",
        "/Users/patrickpircher/IdeaProjects/ink/ember/node_modules/.pnpm/typescript@5.9.3/node_modules/typescript/lib/lib.decorators.d.ts",
        "/Users/patrickpircher/IdeaProjects/ink/ember/node_modules/.pnpm/typescript@5.9.3/node_modules/typescript/lib/lib.decorators.legacy.d.ts",
        "/Users/patrickpircher/IdeaProjects/ink/ember/ember-console-demo/tests/basic-test.gts"
      ],
      "compilerOptions": {
        "file": "./ts-server.log",
        "sourceMap": true,
        "level": "verbose",
        "isolatedModules": true,
        "logToFile": true,
        "jsx": 2,
        "outDir": "build",
        "allowNonTsExtensions": true,
        "noEmitForJsFiles": true
      },
      "typeAcquisition": {
        "enable": true,
        "include": [],
        "exclude": []
      },
      "unresolvedImports": [
        "#types",
        "..&",
        "@vitest/utils",
        "ember-vitest"
      ],
      "projectRootPath": "/Users/patrickpircher/IdeaProjects/ink/ember/ember-console-demo/tests",
      "kind": "discover"
    }
[18:04:51.015] Explicitly included types: []
[18:04:51.015] Inferred typings from unresolved imports: ["#types","..&","@vitest/utils","ember-vitest"]
[18:04:51.015] Finished typings discovery:
    {
      "cachedTypingPaths": [],
      "newTypingNames": [
        "#types",
        "..&",
        "@vitest/utils",
        "ember-vitest"
      ],
      "filesToWatch": [
        "/Users/patrickpircher/IdeaProjects/ink/ember/ember-console-demo/tests/bower_components",
        "/Users/patrickpircher/IdeaProjects/ink/ember/ember-console-demo/tests/node_modules"
      ]
    }
[18:04:51.015] Sending response:
    {
      "kind": "action::watchTypingLocations",
      "projectName": "/dev/null/inferredProject1*"
    }
[18:04:51.015] Response has been sent.
[18:04:51.015] Installing typings ["#types","..&","@vitest/utils","ember-vitest"]
[18:04:51.015] '#types':: '#types' is in missingTypingsSet - skipping...
[18:04:51.015] '..&':: Package name '..&' cannot start with '.'
[18:04:51.015] '@vitest/utils':: Entry for package 'vitest__utils' does not exist in local types registry - skipping...
[18:04:51.015] 'ember-vitest':: Entry for package 'ember-vitest' does not exist in local types registry - skipping...
[18:04:51.016] All typings are known to be missing or invalid - no need to install more typings
[18:04:51.016] Sending response:
    {
      "projectName": "/dev/null/inferredProject1*",
      "typeAcquisition": {
        "enable": true,
        "include": [],
        "exclude": []
      },
      "compilerOptions": {
        "file": "./ts-server.log",
        "sourceMap": true,
        "level": "verbose",
        "isolatedModules": true,
        "logToFile": true,
        "jsx": 2,
        "outDir": "build",
        "allowNonTsExtensions": true,
        "noEmitForJsFiles": true
      },
      "typings": [],
      "unresolvedImports": [
        "#types",
        "..&",
        "@vitest/utils",
        "ember-vitest"
      ],
      "kind": "action::set"
    }
[18:04:51.016] Response has been sent.
[18:04:51.706] Got install request
    {
      "projectName": "/dev/null/inferredProject1*",
      "fileNames": [
        "/Users/patrickpircher/IdeaProjects/ink/ember/node_modules/.pnpm/typescript@5.9.3/node_modules/typescript/lib/lib.d.ts",
        "/Users/patrickpircher/IdeaProjects/ink/ember/node_modules/.pnpm/typescript@5.9.3/node_modules/typescript/lib/lib.es5.d.ts",
        "/Users/patrickpircher/IdeaProjects/ink/ember/node_modules/.pnpm/typescript@5.9.3/node_modules/typescript/lib/lib.dom.d.ts",
        "/Users/patrickpircher/IdeaProjects/ink/ember/node_modules/.pnpm/typescript@5.9.3/node_modules/typescript/lib/lib.webworker.importscripts.d.ts",
        "/Users/patrickpircher/IdeaProjects/ink/ember/node_modules/.pnpm/typescript@5.9.3/node_modules/typescript/lib/lib.scripthost.d.ts",
        "/Users/patrickpircher/IdeaProjects/ink/ember/node_modules/.pnpm/typescript@5.9.3/node_modules/typescript/lib/lib.decorators.d.ts",
        "/Users/patrickpircher/IdeaProjects/ink/ember/node_modules/.pnpm/typescript@5.9.3/node_modules/typescript/lib/lib.decorators.legacy.d.ts",
        "/Users/patrickpircher/IdeaProjects/ink/ember/ember-console-demo/tests/basic-test.gts"
      ],
      "compilerOptions": {
        "file": "./ts-server.log",
        "sourceMap": true,
        "level": "verbose",
        "isolatedModules": true,
        "logToFile": true,
        "jsx": 2,
        "outDir": "build",
        "allowNonTsExtensions": true,
        "noEmitForJsFiles": true
      },
      "typeAcquisition": {
        "enable": true,
        "include": [],
        "exclude": []
      },
      "unresolvedImports": [
        "#types",
        "@vitest/utils",
        "ember-vitest"
      ],
      "projectRootPath": "/Users/patrickpircher/IdeaProjects/ink/ember/ember-console-demo/tests",
      "kind": "discover"
    }
[18:04:51.706] Explicitly included types: []
[18:04:51.707] Inferred typings from unresolved imports: ["#types","@vitest/utils","ember-vitest"]
[18:04:51.707] Finished typings discovery:
    {
      "cachedTypingPaths": [],
      "newTypingNames": [
        "#types",
        "@vitest/utils",
        "ember-vitest"
      ],
      "filesToWatch": [
        "/Users/patrickpircher/IdeaProjects/ink/ember/ember-console-demo/tests/bower_components",
        "/Users/patrickpircher/IdeaProjects/ink/ember/ember-console-demo/tests/node_modules"
      ]
    }
[18:04:51.707] Sending response:
    {
      "kind": "action::watchTypingLocations",
      "projectName": "/dev/null/inferredProject1*"
    }
[18:04:51.707] Response has been sent.
[18:04:51.707] Installing typings ["#types","@vitest/utils","ember-vitest"]
[18:04:51.707] '#types':: '#types' is in missingTypingsSet - skipping...
[18:04:51.707] '@vitest/utils':: Entry for package 'vitest__utils' does not exist in local types registry - skipping...
[18:04:51.707] 'ember-vitest':: Entry for package 'ember-vitest' does not exist in local types registry - skipping...
[18:04:51.707] All typings are known to be missing or invalid - no need to install more typings
[18:04:51.707] Sending response:
    {
      "projectName": "/dev/null/inferredProject1*",
      "typeAcquisition": {
        "enable": true,
        "include": [],
        "exclude": []
      },
      "compilerOptions": {
        "file": "./ts-server.log",
        "sourceMap": true,
        "level": "verbose",
        "isolatedModules": true,
        "logToFile": true,
        "jsx": 2,
        "outDir": "build",
        "allowNonTsExtensions": true,
        "noEmitForJsFiles": true
      },
      "typings": [],
      "unresolvedImports": [
        "#types",
        "@vitest/utils",
        "ember-vitest"
      ],
      "kind": "action::set"
    }
[18:04:51.707] Response has been sent.
[18:15:15.620] Got install request
    {
      "projectName": "/dev/null/inferredProject1*",
      "fileNames": [
        "/Users/patrickpircher/IdeaProjects/ink/ember/node_modules/.pnpm/typescript@5.9.3/node_modules/typescript/lib/lib.d.ts",
        "/Users/patrickpircher/IdeaProjects/ink/ember/node_modules/.pnpm/typescript@5.9.3/node_modules/typescript/lib/lib.es5.d.ts",
        "/Users/patrickpircher/IdeaProjects/ink/ember/node_modules/.pnpm/typescript@5.9.3/node_modules/typescript/lib/lib.dom.d.ts",
        "/Users/patrickpircher/IdeaProjects/ink/ember/node_modules/.pnpm/typescript@5.9.3/node_modules/typescript/lib/lib.webworker.importscripts.d.ts",
        "/Users/patrickpircher/IdeaProjects/ink/ember/node_modules/.pnpm/typescript@5.9.3/node_modules/typescript/lib/lib.scripthost.d.ts",
        "/Users/patrickpircher/IdeaProjects/ink/ember/node_modules/.pnpm/typescript@5.9.3/node_modules/typescript/lib/lib.decorators.d.ts",
        "/Users/patrickpircher/IdeaProjects/ink/ember/node_modules/.pnpm/typescript@5.9.3/node_modules/typescript/lib/lib.decorators.legacy.d.ts",
        "/Users/patrickpircher/IdeaProjects/ink/src/measure-text.ts",
        "/Users/patrickpircher/IdeaProjects/ink/src/styles.ts",
        "/Users/patrickpircher/IdeaProjects/ink/src/wrap-text.ts",
        "/Users/patrickpircher/IdeaProjects/ink/src/squash-text-nodes.ts",
        "/Users/patrickpircher/IdeaProjects/ink/src/get-max-width.ts",
        "/Users/patrickpircher/IdeaProjects/ink/src/colorize.ts",
        "/Users/patrickpircher/IdeaProjects/ink/src/output.ts",
        "/Users/patrickpircher/IdeaProjects/ink/src/render-border.ts",
        "/Users/patrickpircher/IdeaProjects/ink/src/render-background.ts",
        "/Users/patrickpircher/IdeaProjects/ink/src/render-node-to-output.ts",
        "/Users/patrickpircher/IdeaProjects/ink/src/dom.ts",
        "/Users/patrickpircher/IdeaProjects/ink/src/devtools-window-polyfill.ts",
        "/Users/patrickpircher/IdeaProjects/ink/src/devtools.ts",
        "/Users/patrickpircher/IdeaProjects/ink/src/reconciler.ts",
        "/Users/patrickpircher/IdeaProjects/ink/src/renderer.ts",
        "/Users/patrickpircher/IdeaProjects/ink/src/log-update.ts",
        "/Users/patrickpircher/IdeaProjects/ink/src/instances.ts",
        "/Users/patrickpircher/IdeaProjects/ink/src/components/AppContext.ts",
        "/Users/patrickpircher/IdeaProjects/ink/src/components/StdinContext.ts",
        "/Users/patrickpircher/IdeaProjects/ink/src/components/StdoutContext.ts",
        "/Users/patrickpircher/IdeaProjects/ink/src/components/StderrContext.ts",
        "/Users/patrickpircher/IdeaProjects/ink/src/components/FocusContext.ts",
        "/Users/patrickpircher/IdeaProjects/ink/src/components/AccessibilityContext.ts",
        "/Users/patrickpircher/IdeaProjects/ink/src/components/BackgroundContext.ts",
        "/Users/patrickpircher/IdeaProjects/ink/src/components/Box.tsx",
        "/Users/patrickpircher/IdeaProjects/ink/src/components/Text.tsx",
        "/Users/patrickpircher/IdeaProjects/ink/src/components/ErrorOverview.tsx",
        "/Users/patrickpircher/IdeaProjects/ink/src/components/App.tsx",
        "/Users/patrickpircher/IdeaProjects/ink/src/ink.tsx",
        "/Users/patrickpircher/IdeaProjects/ink/src/render.ts",
        "/Users/patrickpircher/IdeaProjects/ink/src/components/Static.tsx",
        "/Users/patrickpircher/IdeaProjects/ink/src/components/Transform.tsx",
        "/Users/patrickpircher/IdeaProjects/ink/src/components/Newline.tsx",
        "/Users/patrickpircher/IdeaProjects/ink/src/components/Spacer.tsx",
        "/Users/patrickpircher/IdeaProjects/ink/src/parse-keypress.ts",
        "/Users/patrickpircher/IdeaProjects/ink/src/hooks/use-stdin.ts",
        "/Users/patrickpircher/IdeaProjects/ink/src/hooks/use-input.ts",
        "/Users/patrickpircher/IdeaProjects/ink/src/hooks/use-app.ts",
        "/Users/patrickpircher/IdeaProjects/ink/src/hooks/use-stdout.ts",
        "/Users/patrickpircher/IdeaProjects/ink/src/hooks/use-stderr.ts",
        "/Users/patrickpircher/IdeaProjects/ink/src/hooks/use-focus.ts",
        "/Users/patrickpircher/IdeaProjects/ink/src/hooks/use-focus-manager.ts",
        "/Users/patrickpircher/IdeaProjects/ink/src/hooks/use-is-screen-reader-enabled.ts",
        "/Users/patrickpircher/IdeaProjects/ink/src/measure-element.ts",
        "/Users/patrickpircher/IdeaProjects/ink/src/index.ts",
        "/Users/patrickpircher/IdeaProjects/ink/ember/ember-console-demo/tests/basic-test.gts"
      ],
      "compilerOptions": {
        "file": "./ts-server.log",
        "sourceMap": true,
        "level": "verbose",
        "isolatedModules": true,
        "logToFile": true,
        "jsx": 2,
        "outDir": "build",
        "allowNonTsExtensions": true,
        "noEmitForJsFiles": true
      },
      "typeAcquisition": {
        "enable": true,
        "include": [],
        "exclude": []
      },
      "unresolvedImports": [
        "#types",
        "@alcalzone/ansi-tokenize",
        "@vitest/utils",
        "ansi-escapes",
        "ansi-styles",
        "auto-bind",
        "chalk",
        "cli-boxes",
        "cli-cursor",
        "cli-truncate",
        "code-excerpt",
        "ember-vitest",
        "es-toolkit",
        "indent-string",
        "is-in-ci",
        "patch-console",
        "react-devtools-core",
        "react-reconciler",
        "signal-exit",
        "slice-ansi",
        "stack-utils",
        "string-width",
        "type-fest",
        "widest-line",
        "wrap-ansi",
        "ws",
        "yoga-layout"
      ],
      "projectRootPath": "/Users/patrickpircher/IdeaProjects/ink/ember/ember-console-demo/tests",
      "kind": "discover"
    }
[18:15:15.622] Explicitly included types: []
[18:15:15.622] Inferred typings from unresolved imports: ["#types","@alcalzone/ansi-tokenize","code-excerpt","ember-vitest","es-toolkit","indent-string","is-in-ci","patch-console","react-devtools-core","react-reconciler","signal-exit","slice-ansi","@vitest/utils","stack-utils","string-width","type-fest","widest-line","wrap-ansi","ws","yoga-layout","ansi-escapes","ansi-styles","auto-bind","chalk","cli-boxes","cli-cursor","cli-truncate"]
[18:15:15.624] Finished typings discovery:
    {
      "cachedTypingPaths": [],
      "newTypingNames": [
        "#types",
        "@alcalzone/ansi-tokenize",
        "code-excerpt",
        "ember-vitest",
        "es-toolkit",
        "indent-string",
        "is-in-ci",
        "patch-console",
        "react-devtools-core",
        "react-reconciler",
        "signal-exit",
        "slice-ansi",
        "@vitest/utils",
        "stack-utils",
        "string-width",
        "type-fest",
        "widest-line",
        "wrap-ansi",
        "ws",
        "yoga-layout",
        "ansi-escapes",
        "ansi-styles",
        "auto-bind",
        "chalk",
        "cli-boxes",
        "cli-cursor",
        "cli-truncate"
      ],
      "filesToWatch": [
        "/Users/patrickpircher/IdeaProjects/ink/ember/ember-console-demo/tests/bower_components",
        "/Users/patrickpircher/IdeaProjects/ink/ember/ember-console-demo/tests/node_modules"
      ]
    }
[18:15:15.625] Sending response:
    {
      "kind": "action::watchTypingLocations",
      "projectName": "/dev/null/inferredProject1*"
    }
[18:15:15.626] Response has been sent.
[18:15:15.626] Installing typings ["#types","@alcalzone/ansi-tokenize","code-excerpt","ember-vitest","es-toolkit","indent-string","is-in-ci","patch-console","react-devtools-core","react-reconciler","signal-exit","slice-ansi","@vitest/utils","stack-utils","string-width","type-fest","widest-line","wrap-ansi","ws","yoga-layout","ansi-escapes","ansi-styles","auto-bind","chalk","cli-boxes","cli-cursor","cli-truncate"]
[18:15:15.626] '#types':: '#types' is in missingTypingsSet - skipping...
[18:15:15.626] '@alcalzone/ansi-tokenize':: Entry for package 'alcalzone__ansi-tokenize' does not exist in local types registry - skipping...
[18:15:15.626] 'code-excerpt':: Entry for package 'code-excerpt' does not exist in local types registry - skipping...
[18:15:15.626] 'ember-vitest':: Entry for package 'ember-vitest' does not exist in local types registry - skipping...
[18:15:15.626] 'es-toolkit':: Entry for package 'es-toolkit' does not exist in local types registry - skipping...
[18:15:15.626] 'indent-string':: Entry for package 'indent-string' does not exist in local types registry - skipping...
[18:15:15.627] 'is-in-ci':: Entry for package 'is-in-ci' does not exist in local types registry - skipping...
[18:15:15.627] 'patch-console':: Entry for package 'patch-console' does not exist in local types registry - skipping...
[18:15:15.627] 'react-devtools-core':: Entry for package 'react-devtools-core' does not exist in local types registry - skipping...
[18:15:15.627] 'signal-exit':: Entry for package 'signal-exit' does not exist in local types registry - skipping...
[18:15:15.627] 'slice-ansi':: Entry for package 'slice-ansi' does not exist in local types registry - skipping...
[18:15:15.627] '@vitest/utils':: Entry for package 'vitest__utils' does not exist in local types registry - skipping...
[18:15:15.627] 'string-width':: Entry for package 'string-width' does not exist in local types registry - skipping...
[18:15:15.627] 'type-fest':: Entry for package 'type-fest' does not exist in local types registry - skipping...
[18:15:15.627] 'widest-line':: Entry for package 'widest-line' does not exist in local types registry - skipping...
[18:15:15.627] 'wrap-ansi':: Entry for package 'wrap-ansi' does not exist in local types registry - skipping...
[18:15:15.627] 'yoga-layout':: Entry for package 'yoga-layout' does not exist in local types registry - skipping...
[18:15:15.627] 'ansi-escapes':: Entry for package 'ansi-escapes' does not exist in local types registry - skipping...
[18:15:15.627] 'ansi-styles':: Entry for package 'ansi-styles' does not exist in local types registry - skipping...
[18:15:15.627] 'auto-bind':: Entry for package 'auto-bind' does not exist in local types registry - skipping...
[18:15:15.628] 'chalk':: Entry for package 'chalk' does not exist in local types registry - skipping...
[18:15:15.628] 'cli-boxes':: Entry for package 'cli-boxes' does not exist in local types registry - skipping...
[18:15:15.628] 'cli-cursor':: Entry for package 'cli-cursor' does not exist in local types registry - skipping...
[18:15:15.628] 'cli-truncate':: Entry for package 'cli-truncate' does not exist in local types registry - skipping...
[18:15:15.628] Npm config file: /Users/patrickpircher/Library/Caches/typescript/5.9/package.json
[18:15:15.628] Sending response:
    {
      "kind": "event::beginInstallTypes",
      "eventId": 1,
      "typingsInstallerVersion": "5.9.3",
      "projectName": "/dev/null/inferredProject1*"
    }
[18:15:15.628] Response has been sent.
[18:15:15.628] #1 with cwd: /Users/patrickpircher/Library/Caches/typescript/5.9 arguments: ["@types/react-reconciler@ts5.9","@types/stack-utils@ts5.9","@types/ws@ts5.9"]
[18:15:15.628] Exec: /Users/patrickpircher/Library/pnpm/nodejs/24.11.1/bin/npm install --ignore-scripts @types/react-reconciler@ts5.9 @types/stack-utils@ts5.9 @types/ws@ts5.9 --save-dev --user-agent="typesInstaller/5.9.3"
[18:15:15.650]     Failed. stdout:
    stderr:
    /bin/sh: /Users/patrickpircher/Library/pnpm/nodejs/24.11.1/bin/npm: No such file or directory
    
[18:15:15.651] npm install #1 took: 23 ms
[18:15:15.651] install request failed, marking packages as missing to prevent repeated requests: ["react-reconciler","stack-utils","ws"]
[18:15:15.651] Sending response:
    {
      "kind": "event::endInstallTypes",
      "eventId": 1,
      "projectName": "/dev/null/inferredProject1*",
      "packagesToInstall": [
        "@types/react-reconciler@ts5.9",
        "@types/stack-utils@ts5.9",
        "@types/ws@ts5.9"
      ],
      "installSuccess": false,
      "typingsInstallerVersion": "5.9.3"
    }
[18:15:15.651] Response has been sent.
[18:15:44.587] Got install request
    {
      "projectName": "/dev/null/inferredProject1*",
      "fileNames": [
        "/Users/patrickpircher/IdeaProjects/ink/ember/node_modules/.pnpm/typescript@5.9.3/node_modules/typescript/lib/lib.d.ts",
        "/Users/patrickpircher/IdeaProjects/ink/ember/node_modules/.pnpm/typescript@5.9.3/node_modules/typescript/lib/lib.es5.d.ts",
        "/Users/patrickpircher/IdeaProjects/ink/ember/node_modules/.pnpm/typescript@5.9.3/node_modules/typescript/lib/lib.dom.d.ts",
        "/Users/patrickpircher/IdeaProjects/ink/ember/node_modules/.pnpm/typescript@5.9.3/node_modules/typescript/lib/lib.webworker.importscripts.d.ts",
        "/Users/patrickpircher/IdeaProjects/ink/ember/node_modules/.pnpm/typescript@5.9.3/node_modules/typescript/lib/lib.scripthost.d.ts",
        "/Users/patrickpircher/IdeaProjects/ink/ember/node_modules/.pnpm/typescript@5.9.3/node_modules/typescript/lib/lib.decorators.d.ts",
        "/Users/patrickpircher/IdeaProjects/ink/ember/node_modules/.pnpm/typescript@5.9.3/node_modules/typescript/lib/lib.decorators.legacy.d.ts",
        "/Users/patrickpircher/IdeaProjects/ink/src/measure-text.ts",
        "/Users/patrickpircher/IdeaProjects/ink/src/styles.ts",
        "/Users/patrickpircher/IdeaProjects/ink/src/wrap-text.ts",
        "/Users/patrickpircher/IdeaProjects/ink/src/squash-text-nodes.ts",
        "/Users/patrickpircher/IdeaProjects/ink/src/get-max-width.ts",
        "/Users/patrickpircher/IdeaProjects/ink/src/colorize.ts",
        "/Users/patrickpircher/IdeaProjects/ink/src/output.ts",
        "/Users/patrickpircher/IdeaProjects/ink/src/render-border.ts",
        "/Users/patrickpircher/IdeaProjects/ink/src/render-background.ts",
        "/Users/patrickpircher/IdeaProjects/ink/src/render-node-to-output.ts",
        "/Users/patrickpircher/IdeaProjects/ink/src/dom.ts",
        "/Users/patrickpircher/IdeaProjects/ink/src/devtools-window-polyfill.ts",
        "/Users/patrickpircher/IdeaProjects/ink/src/devtools.ts",
        "/Users/patrickpircher/IdeaProjects/ink/src/reconciler.ts",
        "/Users/patrickpircher/IdeaProjects/ink/src/renderer.ts",
        "/Users/patrickpircher/IdeaProjects/ink/src/log-update.ts",
        "/Users/patrickpircher/IdeaProjects/ink/src/instances.ts",
        "/Users/patrickpircher/IdeaProjects/ink/src/components/AppContext.ts",
        "/Users/patrickpircher/IdeaProjects/ink/src/components/StdinContext.ts",
        "/Users/patrickpircher/IdeaProjects/ink/src/components/StdoutContext.ts",
        "/Users/patrickpircher/IdeaProjects/ink/src/components/StderrContext.ts",
        "/Users/patrickpircher/IdeaProjects/ink/src/components/FocusContext.ts",
        "/Users/patrickpircher/IdeaProjects/ink/src/components/AccessibilityContext.ts",
        "/Users/patrickpircher/IdeaProjects/ink/src/components/BackgroundContext.ts",
        "/Users/patrickpircher/IdeaProjects/ink/src/components/Box.tsx",
        "/Users/patrickpircher/IdeaProjects/ink/src/components/Text.tsx",
        "/Users/patrickpircher/IdeaProjects/ink/src/components/ErrorOverview.tsx",
        "/Users/patrickpircher/IdeaProjects/ink/src/components/App.tsx",
        "/Users/patrickpircher/IdeaProjects/ink/src/ink.tsx",
        "/Users/patrickpircher/IdeaProjects/ink/src/render.ts",
        "/Users/patrickpircher/IdeaProjects/ink/src/components/Static.tsx",
        "/Users/patrickpircher/IdeaProjects/ink/src/components/Transform.tsx",
        "/Users/patrickpircher/IdeaProjects/ink/src/components/Newline.tsx",
        "/Users/patrickpircher/IdeaProjects/ink/src/components/Spacer.tsx",
        "/Users/patrickpircher/IdeaProjects/ink/src/parse-keypress.ts",
        "/Users/patrickpircher/IdeaProjects/ink/src/hooks/use-stdin.ts",
        "/Users/patrickpircher/IdeaProjects/ink/src/hooks/use-input.ts",
        "/Users/patrickpircher/IdeaProjects/ink/src/hooks/use-app.ts",
        "/Users/patrickpircher/IdeaProjects/ink/src/hooks/use-stdout.ts",
        "/Users/patrickpircher/IdeaProjects/ink/src/hooks/use-stderr.ts",
        "/Users/patrickpircher/IdeaProjects/ink/src/hooks/use-focus.ts",
        "/Users/patrickpircher/IdeaProjects/ink/src/hooks/use-focus-manager.ts",
        "/Users/patrickpircher/IdeaProjects/ink/src/hooks/use-is-screen-reader-enabled.ts",
        "/Users/patrickpircher/IdeaProjects/ink/src/measure-element.ts",
        "/Users/patrickpircher/IdeaProjects/ink/src/index.ts",
        "/Users/patrickpircher/IdeaProjects/ink/ember/ember-console-demo/tests/basic-test.gts"
      ],
      "compilerOptions": {
        "file": "./ts-server.log",
        "sourceMap": true,
        "level": "verbose",
        "isolatedModules": true,
        "logToFile": true,
        "jsx": 2,
        "outDir": "build",
        "allowNonTsExtensions": true,
        "noEmitForJsFiles": true
      },
      "typeAcquisition": {
        "enable": true,
        "include": [],
        "exclude": []
      },
      "unresolvedImports": [
        "#types",
        "@alcalzone/ansi-tokenize",
        "@vitest/utils",
        "ansi-escapes",
        "ansi-styles",
        "auto-bind",
        "chalk",
        "cli-boxes",
        "cli-cursor",
        "cli-truncate",
        "code-excerpt",
        "ember-vitest",
        "es-toolkit",
        "indent-string",
        "is-in-ci",
        "patch-console",
        "react-devtools-core",
        "react-reconciler",
        "signal-exit",
        "slice-ansi",
        "stack-utils",
        "string-width",
        "type-fest",
        "widest-line",
        "wrap-ansi",
        "ws",
        "yoga-layout"
      ],
      "projectRootPath": "/Users/patrickpircher/IdeaProjects/ink/ember/ember-console-demo/tests",
      "kind": "discover"
    }
[18:15:44.587] Explicitly included types: []
[18:15:44.587] Inferred typings from unresolved imports: ["#types","@alcalzone/ansi-tokenize","code-excerpt","ember-vitest","es-toolkit","indent-string","is-in-ci","patch-console","react-devtools-core","react-reconciler","signal-exit","slice-ansi","@vitest/utils","stack-utils","string-width","type-fest","widest-line","wrap-ansi","ws","yoga-layout","ansi-escapes","ansi-styles","auto-bind","chalk","cli-boxes","cli-cursor","cli-truncate"]
[18:15:44.587] Finished typings discovery:
    {
      "cachedTypingPaths": [],
      "newTypingNames": [
        "#types",
        "@alcalzone/ansi-tokenize",
        "code-excerpt",
        "ember-vitest",
        "es-toolkit",
        "indent-string",
        "is-in-ci",
        "patch-console",
        "react-devtools-core",
        "react-reconciler",
        "signal-exit",
        "slice-ansi",
        "@vitest/utils",
        "stack-utils",
        "string-width",
        "type-fest",
        "widest-line",
        "wrap-ansi",
        "ws",
        "yoga-layout",
        "ansi-escapes",
        "ansi-styles",
        "auto-bind",
        "chalk",
        "cli-boxes",
        "cli-cursor",
        "cli-truncate"
      ],
      "filesToWatch": [
        "/Users/patrickpircher/IdeaProjects/ink/ember/ember-console-demo/tests/bower_components",
        "/Users/patrickpircher/IdeaProjects/ink/ember/ember-console-demo/tests/node_modules"
      ]
    }
[18:15:44.587] Sending response:
    {
      "kind": "action::watchTypingLocations",
      "projectName": "/dev/null/inferredProject1*"
    }
[18:15:44.587] Response has been sent.
[18:15:44.587] Installing typings ["#types","@alcalzone/ansi-tokenize","code-excerpt","ember-vitest","es-toolkit","indent-string","is-in-ci","patch-console","react-devtools-core","react-reconciler","signal-exit","slice-ansi","@vitest/utils","stack-utils","string-width","type-fest","widest-line","wrap-ansi","ws","yoga-layout","ansi-escapes","ansi-styles","auto-bind","chalk","cli-boxes","cli-cursor","cli-truncate"]
[18:15:44.587] '#types':: '#types' is in missingTypingsSet - skipping...
[18:15:44.588] '@alcalzone/ansi-tokenize':: Entry for package 'alcalzone__ansi-tokenize' does not exist in local types registry - skipping...
[18:15:44.588] 'code-excerpt':: Entry for package 'code-excerpt' does not exist in local types registry - skipping...
[18:15:44.588] 'ember-vitest':: Entry for package 'ember-vitest' does not exist in local types registry - skipping...
[18:15:44.588] 'es-toolkit':: Entry for package 'es-toolkit' does not exist in local types registry - skipping...
[18:15:44.588] 'indent-string':: Entry for package 'indent-string' does not exist in local types registry - skipping...
[18:15:44.588] 'is-in-ci':: Entry for package 'is-in-ci' does not exist in local types registry - skipping...
[18:15:44.588] 'patch-console':: Entry for package 'patch-console' does not exist in local types registry - skipping...
[18:15:44.588] 'react-devtools-core':: Entry for package 'react-devtools-core' does not exist in local types registry - skipping...
[18:15:44.588] 'react-reconciler':: 'react-reconciler' is in missingTypingsSet - skipping...
[18:15:44.588] 'signal-exit':: Entry for package 'signal-exit' does not exist in local types registry - skipping...
[18:15:44.588] 'slice-ansi':: Entry for package 'slice-ansi' does not exist in local types registry - skipping...
[18:15:44.589] '@vitest/utils':: Entry for package 'vitest__utils' does not exist in local types registry - skipping...
[18:15:44.589] 'stack-utils':: 'stack-utils' is in missingTypingsSet - skipping...
[18:15:44.589] 'string-width':: Entry for package 'string-width' does not exist in local types registry - skipping...
[18:15:44.589] 'type-fest':: Entry for package 'type-fest' does not exist in local types registry - skipping...
[18:15:44.589] 'widest-line':: Entry for package 'widest-line' does not exist in local types registry - skipping...
[18:15:44.589] 'wrap-ansi':: Entry for package 'wrap-ansi' does not exist in local types registry - skipping...
[18:15:44.589] 'ws':: 'ws' is in missingTypingsSet - skipping...
[18:15:44.589] 'yoga-layout':: Entry for package 'yoga-layout' does not exist in local types registry - skipping...
[18:15:44.589] 'ansi-escapes':: Entry for package 'ansi-escapes' does not exist in local types registry - skipping...
[18:15:44.589] 'ansi-styles':: Entry for package 'ansi-styles' does not exist in local types registry - skipping...
[18:15:44.589] 'auto-bind':: Entry for package 'auto-bind' does not exist in local types registry - skipping...
[18:15:44.589] 'chalk':: Entry for package 'chalk' does not exist in local types registry - skipping...
[18:15:44.589] 'cli-boxes':: Entry for package 'cli-boxes' does not exist in local types registry - skipping...
[18:15:44.589] 'cli-cursor':: Entry for package 'cli-cursor' does not exist in local types registry - skipping...
[18:15:44.589] 'cli-truncate':: Entry for package 'cli-truncate' does not exist in local types registry - skipping...
[18:15:44.589] All typings are known to be missing or invalid - no need to install more typings
[18:15:44.589] Sending response:
    {
      "projectName": "/dev/null/inferredProject1*",
      "typeAcquisition": {
        "enable": true,
        "include": [],
        "exclude": []
      },
      "compilerOptions": {
        "file": "./ts-server.log",
        "sourceMap": true,
        "level": "verbose",
        "isolatedModules": true,
        "logToFile": true,
        "jsx": 2,
        "outDir": "build",
        "allowNonTsExtensions": true,
        "noEmitForJsFiles": true
      },
      "typings": [],
      "unresolvedImports": [
        "#types",
        "@alcalzone/ansi-tokenize",
        "@vitest/utils",
        "ansi-escapes",
        "ansi-styles",
        "auto-bind",
        "chalk",
        "cli-boxes",
        "cli-cursor",
        "cli-truncate",
        "code-excerpt",
        "ember-vitest",
        "es-toolkit",
        "indent-string",
        "is-in-ci",
        "patch-console",
        "react-devtools-core",
        "react-reconciler",
        "signal-exit",
        "slice-ansi",
        "stack-utils",
        "string-width",
        "type-fest",
        "widest-line",
        "wrap-ansi",
        "ws",
        "yoga-layout"
      ],
      "kind": "action::set"
    }
[18:15:44.589] Response has been sent.
[18:15:44.590] Got install request
    {
      "projectName": "/dev/null/inferredProject2*",
      "fileNames": [
        "/Users/patrickpircher/IdeaProjects/ink/ember/ember-console-demo/node_modules/typescript/lib/lib.dom.d.ts"
      ],
      "compilerOptions": {
        "file": "./ts-server.log",
        "sourceMap": true,
        "level": "verbose",
        "isolatedModules": true,
        "logToFile": true,
        "jsx": 2,
        "outDir": "build",
        "allowNonTsExtensions": true,
        "noEmitForJsFiles": true
      },
      "typeAcquisition": {
        "enable": true,
        "include": [],
        "exclude": []
      },
      "unresolvedImports": [],
      "projectRootPath": "/Users/patrickpircher/IdeaProjects/ink/ember/ember-console-demo/node_modules/typescript/lib",
      "kind": "discover"
    }
[18:15:44.590] Explicitly included types: []
[18:15:44.590] Inferred typings from unresolved imports: []
[18:15:44.590] Finished typings discovery:
    {
      "cachedTypingPaths": [],
      "newTypingNames": [],
      "filesToWatch": [
        "/Users/patrickpircher/IdeaProjects/ink/ember/ember-console-demo/node_modules/typescript/lib/bower_components",
        "/Users/patrickpircher/IdeaProjects/ink/ember/ember-console-demo/node_modules/typescript/lib/node_modules"
      ]
    }
[18:15:44.590] Sending response:
    {
      "kind": "action::watchTypingLocations",
      "projectName": "/dev/null/inferredProject2*"
    }
[18:15:44.590] Response has been sent.
[18:15:44.590] Sending response:
    {
      "projectName": "/dev/null/inferredProject2*",
      "typeAcquisition": {
        "enable": true,
        "include": [],
        "exclude": []
      },
      "compilerOptions": {
        "file": "./ts-server.log",
        "sourceMap": true,
        "level": "verbose",
        "isolatedModules": true,
        "logToFile": true,
        "jsx": 2,
        "outDir": "build",
        "allowNonTsExtensions": true,
        "noEmitForJsFiles": true
      },
      "typings": [],
      "unresolvedImports": [],
      "kind": "action::set"
    }
[18:15:44.590] Response has been sent.
[18:15:44.590] No new typings were requested as a result of typings discovery
[18:15:45.545] Got install request
    {
      "projectName": "/dev/null/inferredProject1*",
      "fileNames": [
        "/Users/patrickpircher/IdeaProjects/ink/ember/node_modules/.pnpm/typescript@5.9.3/node_modules/typescript/lib/lib.d.ts",
        "/Users/patrickpircher/IdeaProjects/ink/ember/node_modules/.pnpm/typescript@5.9.3/node_modules/typescript/lib/lib.es5.d.ts",
        "/Users/patrickpircher/IdeaProjects/ink/ember/node_modules/.pnpm/typescript@5.9.3/node_modules/typescript/lib/lib.dom.d.ts",
        "/Users/patrickpircher/IdeaProjects/ink/ember/node_modules/.pnpm/typescript@5.9.3/node_modules/typescript/lib/lib.webworker.importscripts.d.ts",
        "/Users/patrickpircher/IdeaProjects/ink/ember/node_modules/.pnpm/typescript@5.9.3/node_modules/typescript/lib/lib.scripthost.d.ts",
        "/Users/patrickpircher/IdeaProjects/ink/ember/node_modules/.pnpm/typescript@5.9.3/node_modules/typescript/lib/lib.decorators.d.ts",
        "/Users/patrickpircher/IdeaProjects/ink/ember/node_modules/.pnpm/typescript@5.9.3/node_modules/typescript/lib/lib.decorators.legacy.d.ts",
        "/Users/patrickpircher/IdeaProjects/ink/ember/ember-console-demo/tests/globalSetup.js",
        "/Users/patrickpircher/IdeaProjects/ink/src/instances.ts",
        "/Users/patrickpircher/IdeaProjects/ink/src/render.ts",
        "/Users/patrickpircher/IdeaProjects/ink/src/components/AppContext.ts",
        "/Users/patrickpircher/IdeaProjects/ink/src/components/StdinContext.ts",
        "/Users/patrickpircher/IdeaProjects/ink/src/components/StdoutContext.ts",
        "/Users/patrickpircher/IdeaProjects/ink/src/components/StderrContext.ts",
        "/Users/patrickpircher/IdeaProjects/ink/src/parse-keypress.ts",
        "/Users/patrickpircher/IdeaProjects/ink/src/measure-text.ts",
        "/Users/patrickpircher/IdeaProjects/ink/src/styles.ts",
        "/Users/patrickpircher/IdeaProjects/ink/src/wrap-text.ts",
        "/Users/patrickpircher/IdeaProjects/ink/src/squash-text-nodes.ts",
        "/Users/patrickpircher/IdeaProjects/ink/src/get-max-width.ts",
        "/Users/patrickpircher/IdeaProjects/ink/src/colorize.ts",
        "/Users/patrickpircher/IdeaProjects/ink/src/output.ts",
        "/Users/patrickpircher/IdeaProjects/ink/src/render-border.ts",
        "/Users/patrickpircher/IdeaProjects/ink/src/render-background.ts",
        "/Users/patrickpircher/IdeaProjects/ink/src/render-node-to-output.ts",
        "/Users/patrickpircher/IdeaProjects/ink/src/dom.ts",
        "/Users/patrickpircher/IdeaProjects/ink/src/devtools-window-polyfill.ts",
        "/Users/patrickpircher/IdeaProjects/ink/src/devtools.ts",
        "/Users/patrickpircher/IdeaProjects/ink/src/reconciler.ts",
        "/Users/patrickpircher/IdeaProjects/ink/src/hooks/use-stdin.ts",
        "/Users/patrickpircher/IdeaProjects/ink/src/hooks/use-input.ts",
        "/Users/patrickpircher/IdeaProjects/ink/src/hooks/use-app.ts",
        "/Users/patrickpircher/IdeaProjects/ink/src/hooks/use-stdout.ts",
        "/Users/patrickpircher/IdeaProjects/ink/src/hooks/use-stderr.ts",
        "/Users/patrickpircher/IdeaProjects/ink/src/components/FocusContext.ts",
        "/Users/patrickpircher/IdeaProjects/ink/src/hooks/use-focus.ts",
        "/Users/patrickpircher/IdeaProjects/ink/src/hooks/use-focus-manager.ts",
        "/Users/patrickpircher/IdeaProjects/ink/src/components/AccessibilityContext.ts",
        "/Users/patrickpircher/IdeaProjects/ink/src/hooks/use-is-screen-reader-enabled.ts",
        "/Users/patrickpircher/IdeaProjects/ink/src/measure-element.ts",
        "/Users/patrickpircher/IdeaProjects/ink/src/index.ts",
        "/Users/patrickpircher/IdeaProjects/ink/ember/ember-console-demo/tests/basic-test.gts"
      ],
      "compilerOptions": {
        "logToFile": true,
        "level": "verbose",
        "file": "./ts-server.log",
        "allowNonTsExtensions": true,
        "allowJs": true,
        "noEmitForJsFiles": true
      },
      "typeAcquisition": {
        "enable": true,
        "include": [],
        "exclude": []
      },
      "unresolvedImports": [
        "#types",
        "@alcalzone/ansi-tokenize",
        "@vitest/utils",
        "ansi-styles",
        "chalk",
        "cli-boxes",
        "cli-truncate",
        "ember-console",
        "ember-vitest",
        "indent-string",
        "react-devtools-core",
        "react-reconciler",
        "slice-ansi",
        "string-width",
        "type-fest",
        "widest-line",
        "wrap-ansi",
        "ws",
        "yoga-layout"
      ],
      "projectRootPath": "/Users/patrickpircher/IdeaProjects/ink/ember/ember-console-demo/tests",
      "kind": "discover"
    }
[18:15:45.545] Explicitly included types: []
[18:15:45.546] Inferred typings from unresolved imports: ["#types","@alcalzone/ansi-tokenize","react-devtools-core","react-reconciler","slice-ansi","string-width","type-fest","widest-line","wrap-ansi","ws","yoga-layout","@vitest/utils","ansi-styles","chalk","cli-boxes","cli-truncate","ember-console","ember-vitest","indent-string"]
[18:15:45.546] Finished typings discovery:
    {
      "cachedTypingPaths": [],
      "newTypingNames": [
        "#types",
        "@alcalzone/ansi-tokenize",
        "react-devtools-core",
        "react-reconciler",
        "slice-ansi",
        "string-width",
        "type-fest",
        "widest-line",
        "wrap-ansi",
        "ws",
        "yoga-layout",
        "@vitest/utils",
        "ansi-styles",
        "chalk",
        "cli-boxes",
        "cli-truncate",
        "ember-console",
        "ember-vitest",
        "indent-string"
      ],
      "filesToWatch": [
        "/Users/patrickpircher/IdeaProjects/ink/ember/ember-console-demo/tests/bower_components",
        "/Users/patrickpircher/IdeaProjects/ink/ember/ember-console-demo/tests/node_modules"
      ]
    }
[18:15:45.546] Sending response:
    {
      "kind": "action::watchTypingLocations",
      "projectName": "/dev/null/inferredProject1*"
    }
[18:15:45.546] Response has been sent.
[18:15:45.546] Installing typings ["#types","@alcalzone/ansi-tokenize","react-devtools-core","react-reconciler","slice-ansi","string-width","type-fest","widest-line","wrap-ansi","ws","yoga-layout","@vitest/utils","ansi-styles","chalk","cli-boxes","cli-truncate","ember-console","ember-vitest","indent-string"]
[18:15:45.546] '#types':: '#types' is in missingTypingsSet - skipping...
[18:15:45.546] '@alcalzone/ansi-tokenize':: Entry for package 'alcalzone__ansi-tokenize' does not exist in local types registry - skipping...
[18:15:45.546] 'react-devtools-core':: Entry for package 'react-devtools-core' does not exist in local types registry - skipping...
[18:15:45.546] 'react-reconciler':: 'react-reconciler' is in missingTypingsSet - skipping...
[18:15:45.546] 'slice-ansi':: Entry for package 'slice-ansi' does not exist in local types registry - skipping...
[18:15:45.546] 'string-width':: Entry for package 'string-width' does not exist in local types registry - skipping...
[18:15:45.546] 'type-fest':: Entry for package 'type-fest' does not exist in local types registry - skipping...
[18:15:45.546] 'widest-line':: Entry for package 'widest-line' does not exist in local types registry - skipping...
[18:15:45.546] 'wrap-ansi':: Entry for package 'wrap-ansi' does not exist in local types registry - skipping...
[18:15:45.546] 'ws':: 'ws' is in missingTypingsSet - skipping...
[18:15:45.546] 'yoga-layout':: Entry for package 'yoga-layout' does not exist in local types registry - skipping...
[18:15:45.546] '@vitest/utils':: Entry for package 'vitest__utils' does not exist in local types registry - skipping...
[18:15:45.547] 'ansi-styles':: Entry for package 'ansi-styles' does not exist in local types registry - skipping...
[18:15:45.547] 'chalk':: Entry for package 'chalk' does not exist in local types registry - skipping...
[18:15:45.547] 'cli-boxes':: Entry for package 'cli-boxes' does not exist in local types registry - skipping...
[18:15:45.547] 'cli-truncate':: Entry for package 'cli-truncate' does not exist in local types registry - skipping...
[18:15:45.547] 'ember-console':: Entry for package 'ember-console' does not exist in local types registry - skipping...
[18:15:45.547] 'ember-vitest':: Entry for package 'ember-vitest' does not exist in local types registry - skipping...
[18:15:45.547] 'indent-string':: Entry for package 'indent-string' does not exist in local types registry - skipping...
[18:15:45.547] All typings are known to be missing or invalid - no need to install more typings
[18:15:45.547] Sending response:
    {
      "projectName": "/dev/null/inferredProject1*",
      "typeAcquisition": {
        "enable": true,
        "include": [],
        "exclude": []
      },
      "compilerOptions": {
        "logToFile": true,
        "level": "verbose",
        "file": "./ts-server.log",
        "allowNonTsExtensions": true,
        "allowJs": true,
        "noEmitForJsFiles": true
      },
      "typings": [],
      "unresolvedImports": [
        "#types",
        "@alcalzone/ansi-tokenize",
        "@vitest/utils",
        "ansi-styles",
        "chalk",
        "cli-boxes",
        "cli-truncate",
        "ember-console",
        "ember-vitest",
        "indent-string",
        "react-devtools-core",
        "react-reconciler",
        "slice-ansi",
        "string-width",
        "type-fest",
        "widest-line",
        "wrap-ansi",
        "ws",
        "yoga-layout"
      ],
      "kind": "action::set"
    }
[18:15:45.547] Response has been sent.
[18:15:45.547] Got install request
    {
      "projectName": "/dev/null/inferredProject2*",
      "fileNames": [
        "/Users/patrickpircher/IdeaProjects/ink/ember/ember-console-demo/node_modules/typescript/lib/lib.dom.d.ts"
      ],
      "compilerOptions": {
        "logToFile": true,
        "level": "verbose",
        "file": "./ts-server.log",
        "allowNonTsExtensions": true,
        "allowJs": true,
        "noEmitForJsFiles": true
      },
      "typeAcquisition": {
        "enable": true,
        "include": [],
        "exclude": []
      },
      "unresolvedImports": [],
      "projectRootPath": "/Users/patrickpircher/IdeaProjects/ink/ember/ember-console-demo/node_modules/typescript/lib",
      "kind": "discover"
    }
[18:15:45.547] Explicitly included types: []
[18:15:45.547] Inferred typings from unresolved imports: []
[18:15:45.548] Finished typings discovery:
    {
      "cachedTypingPaths": [],
      "newTypingNames": [],
      "filesToWatch": [
        "/Users/patrickpircher/IdeaProjects/ink/ember/ember-console-demo/node_modules/typescript/lib/bower_components",
        "/Users/patrickpircher/IdeaProjects/ink/ember/ember-console-demo/node_modules/typescript/lib/node_modules"
      ]
    }
[18:15:45.548] Sending response:
    {
      "kind": "action::watchTypingLocations",
      "projectName": "/dev/null/inferredProject2*"
    }
[18:15:45.548] Response has been sent.
[18:15:45.548] Sending response:
    {
      "projectName": "/dev/null/inferredProject2*",
      "typeAcquisition": {
        "enable": true,
        "include": [],
        "exclude": []
      },
      "compilerOptions": {
        "logToFile": true,
        "level": "verbose",
        "file": "./ts-server.log",
        "allowNonTsExtensions": true,
        "allowJs": true,
        "noEmitForJsFiles": true
      },
      "typings": [],
      "unresolvedImports": [],
      "kind": "action::set"
    }
[18:15:45.548] Response has been sent.
[18:15:45.548] No new typings were requested as a result of typings discovery
[18:15:57.523] Got install request
    {
      "projectName": "/dev/null/inferredProject1*",
      "fileNames": [
        "/Users/patrickpircher/IdeaProjects/ink/ember/node_modules/.pnpm/typescript@5.9.3/node_modules/typescript/lib/lib.d.ts",
        "/Users/patrickpircher/IdeaProjects/ink/ember/node_modules/.pnpm/typescript@5.9.3/node_modules/typescript/lib/lib.es5.d.ts",
        "/Users/patrickpircher/IdeaProjects/ink/ember/node_modules/.pnpm/typescript@5.9.3/node_modules/typescript/lib/lib.dom.d.ts",
        "/Users/patrickpircher/IdeaProjects/ink/ember/node_modules/.pnpm/typescript@5.9.3/node_modules/typescript/lib/lib.webworker.importscripts.d.ts",
        "/Users/patrickpircher/IdeaProjects/ink/ember/node_modules/.pnpm/typescript@5.9.3/node_modules/typescript/lib/lib.scripthost.d.ts",
        "/Users/patrickpircher/IdeaProjects/ink/ember/node_modules/.pnpm/typescript@5.9.3/node_modules/typescript/lib/lib.decorators.d.ts",
        "/Users/patrickpircher/IdeaProjects/ink/ember/node_modules/.pnpm/typescript@5.9.3/node_modules/typescript/lib/lib.decorators.legacy.d.ts",
        "/Users/patrickpircher/IdeaProjects/ink/ember/ember-console-demo/tests/globalSetup.js",
        "/Users/patrickpircher/IdeaProjects/ink/ember/ember-console-demo/tests/basic-test.gts"
      ],
      "compilerOptions": {
        "logToFile": true,
        "level": "verbose",
        "file": "./ts-server.log",
        "allowNonTsExtensions": true,
        "allowJs": true,
        "noEmitForJsFiles": true
      },
      "typeAcquisition": {
        "enable": true,
        "include": [],
        "exclude": []
      },
      "unresolvedImports": [
        "#types",
        "@vitest/utils",
        "ember-console",
        "ember-vitest"
      ],
      "projectRootPath": "/Users/patrickpircher/IdeaProjects/ink/ember/ember-console-demo/tests",
      "kind": "discover"
    }
[18:15:57.523] Explicitly included types: []
[18:15:57.523] Inferred typings from unresolved imports: ["#types","@vitest/utils","ember-console","ember-vitest"]
[18:15:57.523] Finished typings discovery:
    {
      "cachedTypingPaths": [],
      "newTypingNames": [
        "#types",
        "@vitest/utils",
        "ember-console",
        "ember-vitest"
      ],
      "filesToWatch": [
        "/Users/patrickpircher/IdeaProjects/ink/ember/ember-console-demo/tests/bower_components",
        "/Users/patrickpircher/IdeaProjects/ink/ember/ember-console-demo/tests/node_modules"
      ]
    }
[18:15:57.524] Sending response:
    {
      "kind": "action::watchTypingLocations",
      "projectName": "/dev/null/inferredProject1*"
    }
[18:15:57.524] Response has been sent.
[18:15:57.524] Installing typings ["#types","@vitest/utils","ember-console","ember-vitest"]
[18:15:57.524] '#types':: '#types' is in missingTypingsSet - skipping...
[18:15:57.524] '@vitest/utils':: Entry for package 'vitest__utils' does not exist in local types registry - skipping...
[18:15:57.524] 'ember-console':: Entry for package 'ember-console' does not exist in local types registry - skipping...
[18:15:57.524] 'ember-vitest':: Entry for package 'ember-vitest' does not exist in local types registry - skipping...
[18:15:57.524] All typings are known to be missing or invalid - no need to install more typings
[18:15:57.524] Sending response:
    {
      "projectName": "/dev/null/inferredProject1*",
      "typeAcquisition": {
        "enable": true,
        "include": [],
        "exclude": []
      },
      "compilerOptions": {
        "logToFile": true,
        "level": "verbose",
        "file": "./ts-server.log",
        "allowNonTsExtensions": true,
        "allowJs": true,
        "noEmitForJsFiles": true
      },
      "typings": [],
      "unresolvedImports": [
        "#types",
        "@vitest/utils",
        "ember-console",
        "ember-vitest"
      ],
      "kind": "action::set"
    }
[18:15:57.524] Response has been sent.
